#
# There is insufficient memory for the Java Runtime Environment to continue.
# Native memory allocation (mmap) failed to map 26214400 bytes for committing reserved memory.
# Possible reasons:
#   The system is out of physical RAM or swap space
#   In 32 bit mode, the process size limit was hit
# Possible solutions:
#   Reduce memory load on the system
#   Increase physical memory or swap space
#   Check if swap backing store is full
#   Use 64 bit Java on a 64 bit OS
#   Decrease Java heap size (-Xmx/-Xms)
#   Decrease number of Java threads
#   Decrease Java thread stack sizes (-Xss)
#   Set larger code cache with -XX:ReservedCodeCacheSize=
# This output file may be truncated or incomplete.
#
#  Out of Memory Error (os_linux.cpp:2627), pid=9200, tid=0x00007fba14f08700
#
# JRE version: Java(TM) SE Runtime Environment (8.0_121-b13) (build 1.8.0_121-b13)
# Java VM: Java HotSpot(TM) 64-Bit Server VM (25.121-b13 mixed mode linux-amd64 compressed oops)
# Failed to write core dump. Core dumps have been disabled. To enable core dumping, try "ulimit -c unlimited" before starting Java again
#

---------------  T H R E A D  ---------------

Current thread (0x00007fba2807d000):  VMThread [stack: 0x00007fba14e08000,0x00007fba14f09000] [id=9210]

Stack: [0x00007fba14e08000,0x00007fba14f09000],  sp=0x00007fba14f07220,  free space=1020k
Native frames: (J=compiled Java code, j=interpreted, Vv=VM code, C=native code)
V  [libjvm.so+0xac703a]  VMError::report_and_die()+0x2ba
V  [libjvm.so+0x4fc7eb]  report_vm_out_of_memory(char const*, int, unsigned long, VMErrorType, char const*)+0x8b
V  [libjvm.so+0x923c43]  os::Linux::commit_memory_impl(char*, unsigned long, bool)+0x103
V  [libjvm.so+0x924199]  os::pd_commit_memory(char*, unsigned long, unsigned long, bool)+0x29
V  [libjvm.so+0x91e4aa]  os::commit_memory(char*, unsigned long, unsigned long, bool)+0x2a
V  [libjvm.so+0x992f03]  PSVirtualSpace::expand_by(unsigned long)+0x53
V  [libjvm.so+0x994308]  PSYoungGen::resize_generation(unsigned long, unsigned long)+0xf8
V  [libjvm.so+0x993462]  PSYoungGen::resize(unsigned long, unsigned long)+0x22
V  [libjvm.so+0x99073b]  PSScavenge::invoke_no_policy()+0xf3b
V  [libjvm.so+0x990ec1]  PSScavenge::invoke()+0x41
V  [libjvm.so+0x947c10]  ParallelScavengeHeap::failed_mem_allocate(unsigned long)+0x70
V  [libjvm.so+0xac8a57]  VM_ParallelGCFailedAllocation::doit()+0x97
V  [libjvm.so+0xad0535]  VM_Operation::evaluate()+0x55
V  [libjvm.so+0xace90a]  VMThread::evaluate_operation(VM_Operation*)+0xba
V  [libjvm.so+0xacec8e]  VMThread::loop()+0x1ce
V  [libjvm.so+0xacf100]  VMThread::run()+0x70
V  [libjvm.so+0x926268]  java_start(Thread*)+0x108

VM_Operation (0x00007fba2f16cc80): ParallelGCFailedAllocation, mode: safepoint, requested by thread 0x00007fba28013800


---------------  P R O C E S S  ---------------

Java Threads: ( => current thread )
  0x00007fb9e0004800 JavaThread "block-manager-slave-async-thread-pool-4" daemon [_thread_blocked, id=9281, stack(0x00007fb9d61d9000,0x00007fb9d62da000)]
  0x00007fb9e80c4800 JavaThread "block-manager-ask-thread-pool-4" daemon [_thread_blocked, id=9278, stack(0x00007fb9d64da000,0x00007fb9d65db000)]
  0x00000000012a4000 JavaThread "block-manager-ask-thread-pool-3" daemon [_thread_blocked, id=9277, stack(0x00007fb9d65db000,0x00007fb9d66dc000)]
  0x00007fb9e4004800 JavaThread "block-manager-ask-thread-pool-2" daemon [_thread_blocked, id=9276, stack(0x00007fb9d66dc000,0x00007fb9d67dd000)]
  0x00007fb9d8021000 JavaThread "block-manager-slave-async-thread-pool-3" daemon [_thread_blocked, id=9275, stack(0x00007fb9d67dd000,0x00007fb9d68de000)]
  0x00007fb9d801a000 JavaThread "Executor task launch worker-1" daemon [_thread_blocked, id=9274, stack(0x00007fb9d68de000,0x00007fb9d69df000)]
  0x0000000001278800 JavaThread "task-result-getter-3" daemon [_thread_blocked, id=9273, stack(0x00007fb9d69df000,0x00007fb9d6ae0000)]
  0x00007fb9e4003000 JavaThread "block-manager-ask-thread-pool-1" daemon [_thread_blocked, id=9272, stack(0x00007fb9d6ae0000,0x00007fb9d6be1000)]
  0x00007fb9d8041000 JavaThread "block-manager-slave-async-thread-pool-2" daemon [_thread_blocked, id=9271, stack(0x00007fb9d6be1000,0x00007fb9d6ce2000)]
  0x00007fb9d803f800 JavaThread "block-manager-slave-async-thread-pool-1" daemon [_thread_blocked, id=9270, stack(0x00007fb9d6ce2000,0x00007fb9d6de3000)]
  0x0000000001277000 JavaThread "block-manager-ask-thread-pool-0" daemon [_thread_blocked, id=9269, stack(0x00007fb9d6de3000,0x00007fb9d6ee4000)]
  0x00007fb9d8037000 JavaThread "block-manager-slave-async-thread-pool-0" daemon [_thread_blocked, id=9268, stack(0x00007fb9d71ef000,0x00007fb9d72f0000)]
  0x0000000001274000 JavaThread "task-result-getter-2" daemon [_thread_blocked, id=9267, stack(0x00007fb9d74f0000,0x00007fb9d75f1000)]
  0x0000000001273800 JavaThread "task-result-getter-1" daemon [_thread_blocked, id=9266, stack(0x00007fb9d75f1000,0x00007fb9d76f2000)]
  0x0000000001295000 JavaThread "task-result-getter-0" daemon [_thread_blocked, id=9265, stack(0x00007fb9d70e4000,0x00007fb9d71e5000)]
  0x0000000001292000 JavaThread "Executor task launch worker-0" daemon [_thread_blocked, id=9264, stack(0x00007fb9d76f2000,0x00007fb9d77f3000)]
  0x00007fba2930b000 JavaThread "SparkListenerBus" daemon [_thread_blocked, id=9263, stack(0x00007fb9dc055000,0x00007fb9dc156000)]
  0x00007fba29308000 JavaThread "context-cleaner-periodic-gc" daemon [_thread_blocked, id=9262, stack(0x00007fb9dc156000,0x00007fb9dc257000)]
  0x00007fba29306800 JavaThread "Spark Context Cleaner" daemon [_thread_blocked, id=9261, stack(0x00007fb9dc257000,0x00007fb9dc358000)]
  0x00007fba28c0d000 JavaThread "shuffle-server-5-1" daemon [_thread_in_native, id=9260, stack(0x00007fb9dc558000,0x00007fb9dc659000)]
  0x00007fba28bff800 JavaThread "driver-heartbeater" daemon [_thread_blocked, id=9259, stack(0x00007fb9dc659000,0x00007fb9dc75a000)]
  0x00007fba284ad000 JavaThread "dag-scheduler-event-loop" daemon [_thread_blocked, id=9258, stack(0x00007fb9dc75a000,0x00007fb9dc85b000)]
  0x00007fb9ec70a800 JavaThread "netty-rpc-env-timeout" daemon [_thread_blocked, id=9257, stack(0x00007fb9dca5b000,0x00007fb9dcb5c000)]
  0x00007fba29000000 JavaThread "Timer-0" daemon [_thread_blocked, id=9256, stack(0x00007fb9dcb5c000,0x00007fb9dcc5d000)]
  0x0000000001248800 JavaThread "heartbeat-receiver-event-loop-thread" daemon [_thread_blocked, id=9255, stack(0x00007fb9dcc5d000,0x00007fb9dcd5e000)]
  0x00007fba28fd5800 JavaThread "SparkUI-37" daemon [_thread_blocked, id=9254, stack(0x00007fb9dcd5e000,0x00007fb9dce5f000)]
  0x00007fba28fd3800 JavaThread "SparkUI-36" daemon [_thread_blocked, id=9253, stack(0x00007fb9dce5f000,0x00007fb9dcf60000)]
  0x00007fba28fd1800 JavaThread "SparkUI-35" daemon [_thread_blocked, id=9252, stack(0x00007fb9dcf60000,0x00007fb9dd061000)]
  0x00007fba28fcf800 JavaThread "SparkUI-34" daemon [_thread_blocked, id=9251, stack(0x00007fb9dd061000,0x00007fb9dd162000)]
  0x00007fba28fce000 JavaThread "SparkUI-33" daemon [_thread_blocked, id=9250, stack(0x00007fb9dd162000,0x00007fb9dd263000)]
  0x00007fba28fcc000 JavaThread "SparkUI-32" daemon [_thread_blocked, id=9249, stack(0x00007fb9dd263000,0x00007fb9dd364000)]
  0x00007fba28fc8000 JavaThread "SparkUI-31-selector-ServerConnectorManager@39e5147/0" daemon [_thread_in_native, id=9248, stack(0x00007fb9dd364000,0x00007fb9dd465000)]
  0x00007fba28fc5800 JavaThread "SparkUI-30-acceptor-0@52e8fad5-ServerConnector@5c2f0ef8{HTTP/1.1}{0.0.0.0:4040}" daemon [_thread_in_native, id=9247, stack(0x00007fb9dd465000,0x00007fb9dd566000)]
  0x00007fba28f21000 JavaThread "refresh progress" daemon [_thread_blocked, id=9245, stack(0x00007fb9dd766000,0x00007fb9dd867000)]
  0x00007fba28eb6000 JavaThread "map-output-dispatcher-7" daemon [_thread_blocked, id=9244, stack(0x00007fb9dd86b000,0x00007fb9dd96c000)]
  0x00007fba28eb4000 JavaThread "map-output-dispatcher-6" daemon [_thread_blocked, id=9243, stack(0x00007fb9dd96c000,0x00007fb9dda6d000)]
  0x00007fba28eb2000 JavaThread "map-output-dispatcher-5" daemon [_thread_blocked, id=9242, stack(0x00007fb9dda6d000,0x00007fb9ddb6e000)]
  0x00007fba28eb0800 JavaThread "map-output-dispatcher-4" daemon [_thread_blocked, id=9241, stack(0x00007fb9ddb6e000,0x00007fb9ddc6f000)]
  0x00007fba28eae800 JavaThread "map-output-dispatcher-3" daemon [_thread_blocked, id=9240, stack(0x00007fb9ddc6f000,0x00007fb9ddd70000)]
  0x00007fba28eac800 JavaThread "map-output-dispatcher-2" daemon [_thread_blocked, id=9239, stack(0x00007fb9ddd70000,0x00007fb9dde71000)]
  0x00007fba28eab800 JavaThread "map-output-dispatcher-1" daemon [_thread_blocked, id=9238, stack(0x00007fb9dde71000,0x00007fb9ddf72000)]
  0x00007fba28eab000 JavaThread "map-output-dispatcher-0" daemon [_thread_blocked, id=9237, stack(0x00007fb9ddf72000,0x00007fb9de073000)]
  0x00007fba28e89000 JavaThread "shuffle-server-3-1" daemon [_thread_in_native, id=9236, stack(0x00007fb9de273000,0x00007fb9de374000)]
  0x00007fba28d15800 JavaThread "dispatcher-event-loop-1" daemon [_thread_blocked, id=9234, stack(0x00007fb9de785000,0x00007fb9de886000)]
  0x00007fba28d15000 JavaThread "dispatcher-event-loop-0" daemon [_thread_blocked, id=9233, stack(0x00007fb9de886000,0x00007fb9de987000)]
  0x00007fba280d8000 JavaThread "Service Thread" daemon [_thread_blocked, id=9226, stack(0x00007fba142fb000,0x00007fba143fc000)]
  0x00007fba280d4000 JavaThread "C1 CompilerThread1" daemon [_thread_blocked, id=9225, stack(0x00007fba143fc000,0x00007fba144fd000)]
  0x00007fba280d1800 JavaThread "C2 CompilerThread0" daemon [_thread_blocked, id=9224, stack(0x00007fba144fd000,0x00007fba145fe000)]
  0x00007fb9fc001000 JavaThread "JDWP Command Reader" daemon [_thread_in_native, id=9223, stack(0x00007fba145fe000,0x00007fba146ff000)]
  0x00007fba280cf000 JavaThread "JDWP Event Helper Thread" daemon [_thread_blocked, id=9222, stack(0x00007fba146ff000,0x00007fba14800000)]
  0x00007fba280cb800 JavaThread "JDWP Transport Listener: dt_socket" daemon [_thread_blocked, id=9220, stack(0x00007fba14800000,0x00007fba14901000)]
  0x00007fba280bb800 JavaThread "Signal Dispatcher" daemon [_thread_blocked, id=9218, stack(0x00007fba14b05000,0x00007fba14c06000)]
  0x00007fba28089800 JavaThread "Finalizer" daemon [_thread_blocked, id=9212, stack(0x00007fba14c06000,0x00007fba14d07000)]
  0x00007fba28085000 JavaThread "Reference Handler" daemon [_thread_blocked, id=9211, stack(0x00007fba14d07000,0x00007fba14e08000)]
  0x00007fba28013800 JavaThread "main" [_thread_blocked, id=9204, stack(0x00007fba2f06f000,0x00007fba2f170000)]

Other Threads:
=>0x00007fba2807d000 VMThread [stack: 0x00007fba14e08000,0x00007fba14f09000] [id=9210]
  0x00007fba280da800 WatcherThread [stack: 0x00007fba141fa000,0x00007fba142fb000] [id=9227]

VM state:at safepoint (normal execution)

VM Mutex/Monitor currently owned by a thread:  ([mutex/lock_event])
[0x00007fba2800f9c0] Threads_lock - owner thread: 0x00007fba2807d000
[0x00007fba2800fec0] Heap_lock - owner thread: 0x00007fba28013800

Heap:
 PSYoungGen      total 220672K, used 8680K [0x00000000f0700000, 0x00000000fe700000, 0x0000000100000000)
  eden space 211968K, 0% used [0x00000000f0700000,0x00000000f0700000,0x00000000fd600000)
  from space 8704K, 99% used [0x00000000fd600000,0x00000000fde7a190,0x00000000fde80000)
  to   space 8192K, 0% used [0x00000000fde80000,0x00000000fde80000,0x00000000fe680000)
 ParOldGen       total 37376K, used 36388K [0x00000000d1400000, 0x00000000d3880000, 0x00000000f0700000)
  object space 37376K, 97% used [0x00000000d1400000,0x00000000d3789378,0x00000000d3880000)
 Metaspace       used 42055K, capacity 42592K, committed 42792K, reserved 1085440K
  class space    used 6489K, capacity 6655K, committed 6704K, reserved 1048576K

Card table byte_map: [0x00007fba2c047000,0x00007fba2c1be000] byte_map_base: 0x00007fba2b9bd000

Marking Bits: (ParMarkBitMap*) 0x00007fba2e539c80
 Begin Bits: [0x00007fba163f8000, 0x00007fba16fa8000)
 End Bits:   [0x00007fba16fa8000, 0x00007fba17b58000)

Polling page: 0x00007fba2f189000

CodeCache: size=245760Kb used=15366Kb max_used=15366Kb free=230393Kb
 bounds [0x00007fba18214000, 0x00007fba19134000, 0x00007fba27214000]
 total_blobs=7078 nmethods=6566 adapters=432
 compilation: enabled

Compilation events (10 events):
Event: 23.482 Thread 0x00007fba280d4000 7213       1       org.apache.spark.scheduler.SparkListenerTaskStart::stageAttemptId (5 bytes)
Event: 23.860 Thread 0x00007fba280d4000 nmethod 7213 0x00007fba1911f890 code [0x00007fba1911f9e0, 0x00007fba1911faf0]
Event: 23.872 Thread 0x00007fba280d4000 7207       1       scala.collection.immutable.Set$Set1::size (2 bytes)
Event: 24.427 Thread 0x00007fba280d4000 nmethod 7207 0x00007fba1911f5d0 code [0x00007fba1911f720, 0x00007fba1911f830]
Event: 24.433 Thread 0x00007fba280d4000 7225 %     3       org.apache.spark.util.collection.OpenHashSet$mcI$sp::rehash$mcI$sp @ 142 (257 bytes)
Event: 24.540 Thread 0x00007fba280d4000 nmethod 7225% 0x00007fba19129410 code [0x00007fba19129780, 0x00007fba1912b9b8]
Event: 24.582 Thread 0x00007fba280d4000 7229       1       org.apache.spark.scheduler.LiveListenerBus::org$apache$spark$scheduler$LiveListenerBus$$processingEvent_$eq (6 bytes)
Event: 24.681 Thread 0x00007fba280d4000 nmethod 7229 0x00007fba1911f310 code [0x00007fba1911f460, 0x00007fba1911f570]
Event: 24.684 Thread 0x00007fba280d4000 7226  s    2       org.apache.spark.storage.BlockInfoManager::get (9 bytes)
Event: 24.697 Thread 0x00007fba280d4000 nmethod 7226 0x00007fba1912d110 code [0x00007fba1912d2a0, 0x00007fba1912d6e8]

GC Heap History (10 events):
Event: 14.951 GC heap after
Heap after GC invocations=24 (full 2):
 PSYoungGen      total 145920K, used 4785K [0x00000000f0700000, 0x00000000f9d80000, 0x0000000100000000)
  eden space 140800K, 0% used [0x00000000f0700000,0x00000000f0700000,0x00000000f9080000)
  from space 5120K, 93% used [0x00000000f9600000,0x00000000f9aac550,0x00000000f9b00000)
  to   space 5632K, 0% used [0x00000000f9080000,0x00000000f9080000,0x00000000f9600000)
 ParOldGen       total 37376K, used 15028K [0x00000000d1400000, 0x00000000d3880000, 0x00000000f0700000)
  object space 37376K, 40% used [0x00000000d1400000,0x00000000d22ad100,0x00000000d3880000)
 Metaspace       used 41517K, capacity 42112K, committed 42280K, reserved 1085440K
  class space    used 6455K, capacity 6623K, committed 6704K, reserved 1048576K
}
Event: 15.716 GC heap before
{Heap before GC invocations=25 (full 2):
 PSYoungGen      total 145920K, used 145585K [0x00000000f0700000, 0x00000000f9d80000, 0x0000000100000000)
  eden space 140800K, 100% used [0x00000000f0700000,0x00000000f9080000,0x00000000f9080000)
  from space 5120K, 93% used [0x00000000f9600000,0x00000000f9aac550,0x00000000f9b00000)
  to   space 5632K, 0% used [0x00000000f9080000,0x00000000f9080000,0x00000000f9600000)
 ParOldGen       total 37376K, used 15028K [0x00000000d1400000, 0x00000000d3880000, 0x00000000f0700000)
  object space 37376K, 40% used [0x00000000d1400000,0x00000000d22ad100,0x00000000d3880000)
 Metaspace       used 41630K, capacity 42176K, committed 42536K, reserved 1085440K
  class space    used 6455K, capacity 6623K, committed 6704K, reserved 1048576K
Event: 15.762 GC heap after
Heap after GC invocations=25 (full 2):
 PSYoungGen      total 146432K, used 4516K [0x00000000f0700000, 0x00000000fbf80000, 0x0000000100000000)
  eden space 140800K, 0% used [0x00000000f0700000,0x00000000f0700000,0x00000000f9080000)
  from space 5632K, 80% used [0x00000000f9080000,0x00000000f94e90b0,0x00000000f9600000)
  to   space 5632K, 0% used [0x00000000fba00000,0x00000000fba00000,0x00000000fbf80000)
 ParOldGen       total 37376K, used 18493K [0x00000000d1400000, 0x00000000d3880000, 0x00000000f0700000)
  object space 37376K, 49% used [0x00000000d1400000,0x00000000d260f5b0,0x00000000d3880000)
 Metaspace       used 41630K, capacity 42176K, committed 42536K, reserved 1085440K
  class space    used 6455K, capacity 6623K, committed 6704K, reserved 1048576K
}
Event: 16.431 GC heap before
{Heap before GC invocations=26 (full 2):
 PSYoungGen      total 146432K, used 145316K [0x00000000f0700000, 0x00000000fbf80000, 0x0000000100000000)
  eden space 140800K, 100% used [0x00000000f0700000,0x00000000f9080000,0x00000000f9080000)
  from space 5632K, 80% used [0x00000000f9080000,0x00000000f94e90b0,0x00000000f9600000)
  to   space 5632K, 0% used [0x00000000fba00000,0x00000000fba00000,0x00000000fbf80000)
 ParOldGen       total 37376K, used 18493K [0x00000000d1400000, 0x00000000d3880000, 0x00000000f0700000)
  object space 37376K, 49% used [0x00000000d1400000,0x00000000d260f5b0,0x00000000d3880000)
 Metaspace       used 41736K, capacity 42304K, committed 42536K, reserved 1085440K
  class space    used 6456K, capacity 6623K, committed 6704K, reserved 1048576K
Event: 16.490 GC heap after
Heap after GC invocations=26 (full 2):
 PSYoungGen      total 182784K, used 5029K [0x00000000f0700000, 0x00000000fc200000, 0x0000000100000000)
  eden space 177152K, 0% used [0x00000000f0700000,0x00000000f0700000,0x00000000fb400000)
  from space 5632K, 89% used [0x00000000fba00000,0x00000000fbee94e0,0x00000000fbf80000)
  to   space 6144K, 0% used [0x00000000fb400000,0x00000000fb400000,0x00000000fba00000)
 ParOldGen       total 37376K, used 21336K [0x00000000d1400000, 0x00000000d3880000, 0x00000000f0700000)
  object space 37376K, 57% used [0x00000000d1400000,0x00000000d28d6288,0x00000000d3880000)
 Metaspace       used 41736K, capacity 42304K, committed 42536K, reserved 1085440K
  class space    used 6456K, capacity 6623K, committed 6704K, reserved 1048576K
}
Event: 17.397 GC heap before
{Heap before GC invocations=27 (full 2):
 PSYoungGen      total 182784K, used 182181K [0x00000000f0700000, 0x00000000fc200000, 0x0000000100000000)
  eden space 177152K, 100% used [0x00000000f0700000,0x00000000fb400000,0x00000000fb400000)
  from space 5632K, 89% used [0x00000000fba00000,0x00000000fbee94e0,0x00000000fbf80000)
  to   space 6144K, 0% used [0x00000000fb400000,0x00000000fb400000,0x00000000fba00000)
 ParOldGen       total 37376K, used 21336K [0x00000000d1400000, 0x00000000d3880000, 0x00000000f0700000)
  object space 37376K, 57% used [0x00000000d1400000,0x00000000d28d6288,0x00000000d3880000)
 Metaspace       used 41836K, capacity 42432K, committed 42792K, reserved 1085440K
  class space    used 6463K, capacity 6623K, committed 6704K, reserved 1048576K
Event: 17.434 GC heap after
Heap after GC invocations=27 (full 2):
 PSYoungGen      total 183296K, used 6137K [0x00000000f0700000, 0x00000000fe680000, 0x0000000100000000)
  eden space 177152K, 0% used [0x00000000f0700000,0x00000000f0700000,0x00000000fb400000)
  from space 6144K, 99% used [0x00000000fb400000,0x00000000fb9fe570,0x00000000fba00000)
  to   space 8192K, 0% used [0x00000000fde80000,0x00000000fde80000,0x00000000fe680000)
 ParOldGen       total 37376K, used 25663K [0x00000000d1400000, 0x00000000d3880000, 0x00000000f0700000)
  object space 37376K, 68% used [0x00000000d1400000,0x00000000d2d0fe68,0x00000000d3880000)
 Metaspace       used 41836K, capacity 42432K, committed 42792K, reserved 1085440K
  class space    used 6463K, capacity 6623K, committed 6704K, reserved 1048576K
}
Event: 18.194 GC heap before
{Heap before GC invocations=28 (full 2):
 PSYoungGen      total 183296K, used 181947K [0x00000000f0700000, 0x00000000fe680000, 0x0000000100000000)
  eden space 177152K, 99% used [0x00000000f0700000,0x00000000fb2b0800,0x00000000fb400000)
  from space 6144K, 99% used [0x00000000fb400000,0x00000000fb9fe570,0x00000000fba00000)
  to   space 8192K, 0% used [0x00000000fde80000,0x00000000fde80000,0x00000000fe680000)
 ParOldGen       total 37376K, used 25663K [0x00000000d1400000, 0x00000000d3880000, 0x00000000f0700000)
  object space 37376K, 68% used [0x00000000d1400000,0x00000000d2d0fe68,0x00000000d3880000)
 Metaspace       used 41898K, capacity 42432K, committed 42792K, reserved 1085440K
  class space    used 6464K, capacity 6623K, committed 6704K, reserved 1048576K
Event: 18.236 GC heap after
Heap after GC invocations=28 (full 2):
 PSYoungGen      total 220160K, used 7091K [0x00000000f0700000, 0x00000000fe700000, 0x0000000100000000)
  eden space 211968K, 0% used [0x00000000f0700000,0x00000000f0700000,0x00000000fd600000)
  from space 8192K, 86% used [0x00000000fde80000,0x00000000fe56cc98,0x00000000fe680000)
  to   space 8704K, 0% used [0x00000000fd600000,0x00000000fd600000,0x00000000fde80000)
 ParOldGen       total 37376K, used 30676K [0x00000000d1400000, 0x00000000d3880000, 0x00000000f0700000)
  object space 37376K, 82% used [0x00000000d1400000,0x00000000d31f51a0,0x00000000d3880000)
 Metaspace       used 41898K, capacity 42432K, committed 42792K, reserved 1085440K
  class space    used 6464K, capacity 6623K, committed 6704K, reserved 1048576K
}
Event: 24.778 GC heap before
{Heap before GC invocations=29 (full 2):
 PSYoungGen      total 220160K, used 219059K [0x00000000f0700000, 0x00000000fe700000, 0x0000000100000000)
  eden space 211968K, 100% used [0x00000000f0700000,0x00000000fd600000,0x00000000fd600000)
  from space 8192K, 86% used [0x00000000fde80000,0x00000000fe56cc98,0x00000000fe680000)
  to   space 8704K, 0% used [0x00000000fd600000,0x00000000fd600000,0x00000000fde80000)
 ParOldGen       total 37376K, used 30676K [0x00000000d1400000, 0x00000000d3880000, 0x00000000f0700000)
  object space 37376K, 82% used [0x00000000d1400000,0x00000000d31f51a0,0x00000000d3880000)
 Metaspace       used 42055K, capacity 42592K, committed 42792K, reserved 1085440K
  class space    used 6489K, capacity 6655K, committed 6704K, reserved 1048576K

Deoptimization events (10 events):
Event: 14.370 Thread 0x00007fb9d801a000 Uncommon trap: reason=unstable_if action=reinterpret pc=0x00007fba18e02638 method=org.apache.spark.io.LZ4BlockInputStream.read([BII)I @ 14
Event: 15.385 Thread 0x00007fb9d801a000 Uncommon trap: reason=array_check action=maybe_recompile pc=0x00007fba18f11954 method=java.util.Arrays.fill([Ljava/lang/Object;Ljava/lang/Object;)V @ 13
Event: 15.385 Thread 0x00007fb9d801a000 Uncommon trap: reason=array_check action=maybe_recompile pc=0x00007fba18f11954 method=java.util.Arrays.fill([Ljava/lang/Object;Ljava/lang/Object;)V @ 13
Event: 15.385 Thread 0x00007fb9d801a000 Uncommon trap: reason=array_check action=maybe_recompile pc=0x00007fba18f11954 method=java.util.Arrays.fill([Ljava/lang/Object;Ljava/lang/Object;)V @ 13
Event: 15.385 Thread 0x00007fb9d801a000 Uncommon trap: reason=array_check action=maybe_recompile pc=0x00007fba18f11954 method=java.util.Arrays.fill([Ljava/lang/Object;Ljava/lang/Object;)V @ 13
Event: 17.096 Thread 0x00007fba28013800 Uncommon trap: reason=array_check action=maybe_recompile pc=0x00007fba187eabe0 method=scala.collection.mutable.ArrayBuilder$ofRef.$plus$eq(Ljava/lang/Object;)Lscala/collection/mutable/ArrayBuilder$ofRef; @ 19
Event: 17.098 Thread 0x00007fba28013800 Uncommon trap: reason=array_check action=maybe_recompile pc=0x00007fba187eabe0 method=scala.collection.mutable.ArrayBuilder$ofRef.$plus$eq(Ljava/lang/Object;)Lscala/collection/mutable/ArrayBuilder$ofRef; @ 19
Event: 17.099 Thread 0x00007fba28013800 Uncommon trap: reason=array_check action=maybe_recompile pc=0x00007fba187eabe0 method=scala.collection.mutable.ArrayBuilder$ofRef.$plus$eq(Ljava/lang/Object;)Lscala/collection/mutable/ArrayBuilder$ofRef; @ 19
Event: 17.099 Thread 0x00007fba28013800 Uncommon trap: reason=array_check action=maybe_recompile pc=0x00007fba187eabe0 method=scala.collection.mutable.ArrayBuilder$ofRef.$plus$eq(Ljava/lang/Object;)Lscala/collection/mutable/ArrayBuilder$ofRef; @ 19
Event: 17.842 Thread 0x00007fba2930b000 Uncommon trap: reason=null_check action=make_not_entrant pc=0x00007fba190578b4 method=scala.collection.mutable.HashMap.get(Ljava/lang/Object;)Lscala/Option; @ 5

Internal exceptions (10 events):
Event: 9.443 Thread 0x0000000001292000 Exception <a 'java/lang/NoSuchMethodError': <clinit>> (0x00000000f18bac28) thrown at [/HUDSON3/workspace/8-2-build-linux-amd64/jdk8u121/8372/hotspot/src/share/vm/prims/jni.cpp, line 1613]
Event: 9.489 Thread 0x0000000001292000 Exception <a 'java/lang/NoSuchMethodError': <clinit>> (0x00000000f19b9038) thrown at [/HUDSON3/workspace/8-2-build-linux-amd64/jdk8u121/8372/hotspot/src/share/vm/prims/jni.cpp, line 1613]
Event: 9.490 Thread 0x0000000001292000 Exception <a 'java/lang/NoSuchMethodError': <clinit>> (0x00000000f19c5078) thrown at [/HUDSON3/workspace/8-2-build-linux-amd64/jdk8u121/8372/hotspot/src/share/vm/prims/jni.cpp, line 1613]
Event: 9.898 Thread 0x0000000001292000 Exception <a 'java/lang/NoSuchMethodError': <clinit>> (0x00000000f2ec1a58) thrown at [/HUDSON3/workspace/8-2-build-linux-amd64/jdk8u121/8372/hotspot/src/share/vm/prims/jni.cpp, line 1613]
Event: 9.899 Thread 0x0000000001292000 Exception <a 'java/lang/NoSuchMethodError': <clinit>> (0x00000000f2ed4a40) thrown at [/HUDSON3/workspace/8-2-build-linux-amd64/jdk8u121/8372/hotspot/src/share/vm/prims/jni.cpp, line 1613]
Event: 9.904 Thread 0x0000000001292000 Exception <a 'java/lang/NoSuchMethodError': <clinit>> (0x00000000f2ee9b70) thrown at [/HUDSON3/workspace/8-2-build-linux-amd64/jdk8u121/8372/hotspot/src/share/vm/prims/jni.cpp, line 1613]
Event: 9.906 Thread 0x0000000001292000 Exception <a 'java/lang/NoSuchMethodError': <clinit>> (0x00000000f2efc1d8) thrown at [/HUDSON3/workspace/8-2-build-linux-amd64/jdk8u121/8372/hotspot/src/share/vm/prims/jni.cpp, line 1613]
Event: 10.250 Thread 0x00007fba28013800 Exception <a 'java/lang/NoSuchMethodError': <clinit>> (0x00000000f3d1ebe0) thrown at [/HUDSON3/workspace/8-2-build-linux-amd64/jdk8u121/8372/hotspot/src/share/vm/prims/jni.cpp, line 1613]
Event: 10.323 Thread 0x00007fba284ad000 Exception <a 'java/lang/NoSuchMethodError': <clinit>> (0x00000000f3fbace8) thrown at [/HUDSON3/workspace/8-2-build-linux-amd64/jdk8u121/8372/hotspot/src/share/vm/prims/jni.cpp, line 1613]
Event: 17.837 Thread 0x00007fba2930b000 Implicit null exception at 0x00007fba190572d0 to 0x00007fba1905789d

Events (10 events):
Event: 24.477 Thread 0x00007fba28013800 DEOPT UNPACKING pc=0x00007fba1825b633 sp=0x00007fba2f16d9e0 mode 1
Event: 24.505 Thread 0x00007fba28013800 DEOPT PACKING pc=0x00007fba18ecc454 sp=0x00007fba2f16dbf0
Event: 24.505 Thread 0x00007fba28013800 DEOPT UNPACKING pc=0x00007fba1825b633 sp=0x00007fba2f16d930 mode 1
Event: 24.505 Thread 0x00007fba28013800 DEOPT PACKING pc=0x00007fba18cb4f80 sp=0x00007fba2f16dc30
Event: 24.505 Thread 0x00007fba28013800 DEOPT UNPACKING pc=0x00007fba1825b633 sp=0x00007fba2f16d960 mode 1
Event: 24.505 Thread 0x00007fba28013800 DEOPT PACKING pc=0x00007fba1836d4b4 sp=0x00007fba2f16dc70
Event: 24.505 Thread 0x00007fba28013800 DEOPT UNPACKING pc=0x00007fba1825b633 sp=0x00007fba2f16d9c0 mode 1
Event: 24.505 Thread 0x00007fba28013800 DEOPT PACKING pc=0x00007fba18810b9c sp=0x00007fba2f16dcc0
Event: 24.505 Thread 0x00007fba28013800 DEOPT UNPACKING pc=0x00007fba1825b633 sp=0x00007fba2f16da70 mode 1
Event: 24.737 Executing VM operation: ParallelGCFailedAllocation


Dynamic libraries:
00400000-00401000 r-xp 00000000 08:01 1050769                            /usr/lib/jvm/java-8-oracle/bin/java
00600000-00601000 rw-p 00000000 08:01 1050769                            /usr/lib/jvm/java-8-oracle/bin/java
01240000-012f2000 rw-p 00000000 00:00 0                                  [heap]
d1400000-d3880000 rw-p 00000000 00:00 0 
d3880000-f0700000 ---p 00000000 00:00 0 
f0700000-fe700000 rw-p 00000000 00:00 0 
100000000-10068c000 rw-p 00000000 00:00 0 
10068c000-140000000 ---p 00000000 00:00 0 
7fb9d61d9000-7fb9d61dc000 ---p 00000000 00:00 0 
7fb9d61dc000-7fb9d641a000 rw-p 00000000 00:00 0 
7fb9d641a000-7fb9d64da000 ---p 00000000 00:00 0 
7fb9d64da000-7fb9d64dd000 ---p 00000000 00:00 0 
7fb9d64dd000-7fb9d65db000 rw-p 00000000 00:00 0 
7fb9d65db000-7fb9d65de000 ---p 00000000 00:00 0 
7fb9d65de000-7fb9d66dc000 rw-p 00000000 00:00 0 
7fb9d66dc000-7fb9d66df000 ---p 00000000 00:00 0 
7fb9d66df000-7fb9d67dd000 rw-p 00000000 00:00 0 
7fb9d67dd000-7fb9d67e0000 ---p 00000000 00:00 0 
7fb9d67e0000-7fb9d68de000 rw-p 00000000 00:00 0 
7fb9d68de000-7fb9d68e1000 ---p 00000000 00:00 0 
7fb9d68e1000-7fb9d69df000 rw-p 00000000 00:00 0 
7fb9d69df000-7fb9d69e2000 ---p 00000000 00:00 0 
7fb9d69e2000-7fb9d6ae0000 rw-p 00000000 00:00 0 
7fb9d6ae0000-7fb9d6ae3000 ---p 00000000 00:00 0 
7fb9d6ae3000-7fb9d6be1000 rw-p 00000000 00:00 0 
7fb9d6be1000-7fb9d6be4000 ---p 00000000 00:00 0 
7fb9d6be4000-7fb9d6ce2000 rw-p 00000000 00:00 0 
7fb9d6ce2000-7fb9d6ce5000 ---p 00000000 00:00 0 
7fb9d6ce5000-7fb9d6de3000 rw-p 00000000 00:00 0 
7fb9d6de3000-7fb9d6de6000 ---p 00000000 00:00 0 
7fb9d6de6000-7fb9d70e4000 rw-p 00000000 00:00 0 
7fb9d70e4000-7fb9d70e7000 ---p 00000000 00:00 0 
7fb9d70e7000-7fb9d71e5000 rw-p 00000000 00:00 0 
7fb9d71ef000-7fb9d71f2000 ---p 00000000 00:00 0 
7fb9d71f2000-7fb9d74f0000 rw-p 00000000 00:00 0 
7fb9d74f0000-7fb9d74f3000 ---p 00000000 00:00 0 
7fb9d74f3000-7fb9d75f1000 rw-p 00000000 00:00 0 
7fb9d75f1000-7fb9d75f4000 ---p 00000000 00:00 0 
7fb9d75f4000-7fb9d76f2000 rw-p 00000000 00:00 0 
7fb9d76f2000-7fb9d76f5000 ---p 00000000 00:00 0 
7fb9d76f5000-7fb9d79f1000 rw-p 00000000 00:00 0 
7fb9d79f1000-7fb9d79f3000 ---p 00000000 00:00 0 
7fb9d79f3000-7fb9d7a00000 r-xp 00000000 08:01 268777                     /tmp/liblz4-java6698711143886885211.so
7fb9d7a00000-7fb9d7bff000 ---p 0000d000 08:01 268777                     /tmp/liblz4-java6698711143886885211.so
7fb9d7bff000-7fb9d7c00000 rw-p 0000c000 08:01 268777                     /tmp/liblz4-java6698711143886885211.so
7fb9d7c00000-7fb9d7e00000 rw-p 00000000 00:00 0 
7fb9d7e00000-7fb9d8000000 rw-p 00000000 00:00 0 
7fb9d8000000-7fb9d8069000 rw-p 00000000 00:00 0 
7fb9d8069000-7fb9dc000000 ---p 00000000 00:00 0 
7fb9dc055000-7fb9dc058000 ---p 00000000 00:00 0 
7fb9dc058000-7fb9dc156000 rw-p 00000000 00:00 0 
7fb9dc156000-7fb9dc159000 ---p 00000000 00:00 0 
7fb9dc159000-7fb9dc257000 rw-p 00000000 00:00 0 
7fb9dc257000-7fb9dc25a000 ---p 00000000 00:00 0 
7fb9dc25a000-7fb9dc558000 rw-p 00000000 00:00 0 
7fb9dc558000-7fb9dc55b000 ---p 00000000 00:00 0 
7fb9dc55b000-7fb9dc659000 rw-p 00000000 00:00 0 
7fb9dc659000-7fb9dc65c000 ---p 00000000 00:00 0 
7fb9dc65c000-7fb9dc75a000 rw-p 00000000 00:00 0 
7fb9dc75a000-7fb9dc75d000 ---p 00000000 00:00 0 
7fb9dc75d000-7fb9dca5b000 rw-p 00000000 00:00 0 
7fb9dca5b000-7fb9dca5e000 ---p 00000000 00:00 0 
7fb9dca5e000-7fb9dcb5c000 rw-p 00000000 00:00 0 
7fb9dcb5c000-7fb9dcb5f000 ---p 00000000 00:00 0 
7fb9dcb5f000-7fb9dcc5d000 rw-p 00000000 00:00 0 
7fb9dcc5d000-7fb9dcc60000 ---p 00000000 00:00 0 
7fb9dcc60000-7fb9dcd5e000 rw-p 00000000 00:00 0 
7fb9dcd5e000-7fb9dcd61000 ---p 00000000 00:00 0 
7fb9dcd61000-7fb9dce5f000 rw-p 00000000 00:00 0 
7fb9dce5f000-7fb9dce62000 ---p 00000000 00:00 0 
7fb9dce62000-7fb9dcf60000 rw-p 00000000 00:00 0 
7fb9dcf60000-7fb9dcf63000 ---p 00000000 00:00 0 
7fb9dcf63000-7fb9dd061000 rw-p 00000000 00:00 0 
7fb9dd061000-7fb9dd064000 ---p 00000000 00:00 0 
7fb9dd064000-7fb9dd162000 rw-p 00000000 00:00 0 
7fb9dd162000-7fb9dd165000 ---p 00000000 00:00 0 
7fb9dd165000-7fb9dd263000 rw-p 00000000 00:00 0 
7fb9dd263000-7fb9dd266000 ---p 00000000 00:00 0 
7fb9dd266000-7fb9dd364000 rw-p 00000000 00:00 0 
7fb9dd364000-7fb9dd367000 ---p 00000000 00:00 0 
7fb9dd367000-7fb9dd465000 rw-p 00000000 00:00 0 
7fb9dd465000-7fb9dd468000 ---p 00000000 00:00 0 
7fb9dd468000-7fb9dd766000 rw-p 00000000 00:00 0 
7fb9dd766000-7fb9dd769000 ---p 00000000 00:00 0 
7fb9dd769000-7fb9dd867000 rw-p 00000000 00:00 0 
7fb9dd867000-7fb9dd86b000 r--s 0009a000 08:01 1050795                    /usr/lib/jvm/java-8-oracle/jre/lib/jsse.jar
7fb9dd86b000-7fb9dd86e000 ---p 00000000 00:00 0 
7fb9dd86e000-7fb9dd96c000 rw-p 00000000 00:00 0 
7fb9dd96c000-7fb9dd96f000 ---p 00000000 00:00 0 
7fb9dd96f000-7fb9dda6d000 rw-p 00000000 00:00 0 
7fb9dda6d000-7fb9dda70000 ---p 00000000 00:00 0 
7fb9dda70000-7fb9ddb6e000 rw-p 00000000 00:00 0 
7fb9ddb6e000-7fb9ddb71000 ---p 00000000 00:00 0 
7fb9ddb71000-7fb9ddc6f000 rw-p 00000000 00:00 0 
7fb9ddc6f000-7fb9ddc72000 ---p 00000000 00:00 0 
7fb9ddc72000-7fb9ddd70000 rw-p 00000000 00:00 0 
7fb9ddd70000-7fb9ddd73000 ---p 00000000 00:00 0 
7fb9ddd73000-7fb9dde71000 rw-p 00000000 00:00 0 
7fb9dde71000-7fb9dde74000 ---p 00000000 00:00 0 
7fb9dde74000-7fb9ddf72000 rw-p 00000000 00:00 0 
7fb9ddf72000-7fb9ddf75000 ---p 00000000 00:00 0 
7fb9ddf75000-7fb9de273000 rw-p 00000000 00:00 0 
7fb9de273000-7fb9de276000 ---p 00000000 00:00 0 
7fb9de276000-7fb9de374000 rw-p 00000000 00:00 0 
7fb9de374000-7fb9de385000 r-xp 00000000 08:01 1050876                    /usr/lib/jvm/java-8-oracle/jre/lib/amd64/libnio.so
7fb9de385000-7fb9de584000 ---p 00011000 08:01 1050876                    /usr/lib/jvm/java-8-oracle/jre/lib/amd64/libnio.so
7fb9de584000-7fb9de585000 rw-p 00010000 08:01 1050876                    /usr/lib/jvm/java-8-oracle/jre/lib/amd64/libnio.so
7fb9de585000-7fb9de785000 rw-p 00000000 00:00 0 
7fb9de785000-7fb9de788000 ---p 00000000 00:00 0 
7fb9de788000-7fb9de886000 rw-p 00000000 00:00 0 
7fb9de886000-7fb9de889000 ---p 00000000 00:00 0 
7fb9de889000-7fb9deb87000 rw-p 00000000 00:00 0 
7fb9deb87000-7fb9dee88000 rw-p 00000000 00:00 0 
7fb9dee88000-7fb9dee9e000 r-xp 00000000 08:01 1050852                    /usr/lib/jvm/java-8-oracle/jre/lib/amd64/libnet.so
7fb9dee9e000-7fb9df09e000 ---p 00016000 08:01 1050852                    /usr/lib/jvm/java-8-oracle/jre/lib/amd64/libnet.so
7fb9df09e000-7fb9df09f000 rw-p 00016000 08:01 1050852                    /usr/lib/jvm/java-8-oracle/jre/lib/amd64/libnet.so
7fb9df09f000-7fb9df0a2000 r--s 0001a000 08:01 1061716                    /usr/lib/jvm/java-8-oracle/jre/lib/jce.jar
7fb9df0a2000-7fb9df0a3000 r-xp 00000000 08:01 1050910                    /usr/lib/jvm/java-8-oracle/jre/lib/amd64/libjaas_unix.so
7fb9df0a3000-7fb9df2a2000 ---p 00001000 08:01 1050910                    /usr/lib/jvm/java-8-oracle/jre/lib/amd64/libjaas_unix.so
7fb9df2a2000-7fb9df2a3000 rw-p 00000000 08:01 1050910                    /usr/lib/jvm/java-8-oracle/jre/lib/amd64/libjaas_unix.so
7fb9df2a3000-7fb9df4a3000 rw-p 00000000 00:00 0 
7fb9df4a3000-7fb9df4ac000 r-xp 00000000 08:01 1050887                    /usr/lib/jvm/java-8-oracle/jre/lib/amd64/libmanagement.so
7fb9df4ac000-7fb9df6ab000 ---p 00009000 08:01 1050887                    /usr/lib/jvm/java-8-oracle/jre/lib/amd64/libmanagement.so
7fb9df6ab000-7fb9df6ac000 rw-p 00008000 08:01 1050887                    /usr/lib/jvm/java-8-oracle/jre/lib/amd64/libmanagement.so
7fb9df6ac000-7fb9df8ac000 rw-p 00000000 00:00 0 
7fb9df8ac000-7fb9df8ae000 r--s 00019000 08:01 937713                     /home/ankursarda/Software/idea-IC-163.12024.16/lib/idea_rt.jar
7fb9df8ae000-7fb9df8b0000 r--s 00007000 08:01 690750                     /home/ankursarda/.m2/repository/com/thoughtworks/paranamer/paranamer/2.8/paranamer-2.8.jar
7fb9df8b0000-7fb9df8be000 r--s 00085000 08:01 690748                     /home/ankursarda/.m2/repository/org/json4s/json4s-scalap_2.10/3.5.0/json4s-scalap_2.10-3.5.0.jar
7fb9df8be000-7fb9df8c0000 r--s 00014000 08:01 690746                     /home/ankursarda/.m2/repository/org/json4s/json4s-ast_2.10/3.5.0/json4s-ast_2.10-3.5.0.jar
7fb9df8c0000-7fb9df8cb000 r--s 0008d000 08:01 690752                     /home/ankursarda/.m2/repository/org/json4s/json4s-core_2.10/3.5.0/json4s-core_2.10-3.5.0.jar
7fb9df8cb000-7fb9df8cd000 r--s 00009000 08:01 690744                     /home/ankursarda/.m2/repository/org/json4s/json4s-jackson_2.10/3.5.0/json4s-jackson_2.10-3.5.0.jar
7fb9df8cd000-7fb9df8e1000 r--s 000ec000 08:01 690572                     /home/ankursarda/.m2/repository/org/apache/parquet/parquet-jackson/1.8.1/parquet-jackson-1.8.1.jar
7fb9df8e1000-7fb9df8e8000 r--s 00058000 08:01 690570                     /home/ankursarda/.m2/repository/org/apache/parquet/parquet-format/2.3.0-incubating/parquet-format-2.3.0-incubating.jar
7fb9df8e8000-7fb9df8ed000 r--s 00031000 08:01 690564                     /home/ankursarda/.m2/repository/org/apache/parquet/parquet-hadoop/1.8.1/parquet-hadoop-1.8.1.jar
7fb9df8ed000-7fb9df8f3000 r--s 00040000 08:01 690566                     /home/ankursarda/.m2/repository/org/apache/parquet/parquet-encoding/1.8.1/parquet-encoding-1.8.1.jar
7fb9df8f3000-7fb9df8f5000 r--s 00008000 08:01 690568                     /home/ankursarda/.m2/repository/org/apache/parquet/parquet-common/1.8.1/parquet-common-1.8.1.jar
7fb9df8f5000-7fb9df90b000 r--s 000d1000 08:01 690575                     /home/ankursarda/.m2/repository/org/apache/parquet/parquet-column/1.8.1/parquet-column-1.8.1.jar
7fb9df90b000-7fb9df911000 r--s 00044000 08:01 690558                     /home/ankursarda/.m2/repository/org/antlr/antlr4-runtime/4.5.3/antlr4-runtime-4.5.3.jar
7fb9df911000-7fb9df912000 r--s 00008000 08:01 690560                     /home/ankursarda/.m2/repository/org/codehaus/janino/commons-compiler/3.0.0/commons-compiler-3.0.0.jar
7fb9df912000-7fb9df91c000 r--s 000aa000 08:01 690556                     /home/ankursarda/.m2/repository/org/codehaus/janino/janino/3.0.0/janino-3.0.0.jar
7fb9df91c000-7fb9df9a5000 r--s 00670000 08:01 140298                     /home/ankursarda/.m2/repository/org/apache/spark/spark-catalyst_2.10/2.1.0/spark-catalyst_2.10-2.1.0.jar
7fb9df9a5000-7fb9df9a7000 r--s 00006000 08:01 140300                     /home/ankursarda/.m2/repository/org/apache/spark/spark-sketch_2.10/2.1.0/spark-sketch_2.10-2.1.0.jar
7fb9df9a7000-7fb9df9ae000 r--s 00049000 08:01 690554                     /home/ankursarda/.m2/repository/com/univocity/univocity-parsers/2.2.1/univocity-parsers-2.2.1.jar
7fb9df9ae000-7fb9dfa2f000 r--s 005ce000 08:01 140296                     /home/ankursarda/.m2/repository/org/apache/spark/spark-sql_2.10/2.1.0/spark-sql_2.10-2.1.0.jar
7fb9dfa2f000-7fb9dfa41000 r--s 00112000 08:01 690509                     /home/ankursarda/.m2/repository/net/sourceforge/f2j/arpack_combined_all/0.1/arpack_combined_all-0.1.jar
7fb9dfa41000-7fb9dfa43000 r--s 00027000 08:01 577451                     /home/ankursarda/.m2/repository/com/github/fommil/netlib/core/1.1.2/core-1.1.2.jar
7fb9dfa43000-7fb9dfa6f000 r--s 001c8000 08:01 690501                     /home/ankursarda/.m2/repository/com/chuusai/shapeless_2.10.4/2.0.0/shapeless_2.10.4-2.0.0.jar
7fb9dfa6f000-7fb9dfa71000 r--s 00012000 08:01 690497                     /home/ankursarda/.m2/repository/org/spire-math/spire-macros_2.10/0.7.4/spire-macros_2.10-0.7.4.jar
7fb9dfa71000-7fb9dfac5000 r--s 00697000 08:01 690493                     /home/ankursarda/.m2/repository/org/spire-math/spire_2.10/0.7.4/spire_2.10-0.7.4.jar
7fb9dfac5000-7fb9dfad0000 r--s 000b0000 08:01 690491                     /home/ankursarda/.m2/repository/com/github/rwl/jtransforms/2.4.0/jtransforms-2.4.0.jar
7fb9dfad0000-7fb9dfad1000 r--s 00004000 08:01 690489                     /home/ankursarda/.m2/repository/net/sf/opencsv/opencsv/2.3/opencsv-2.3.jar
7fb9dfad1000-7fb9dfade000 r--s 000a4000 08:01 690479                     /home/ankursarda/.m2/repository/org/scalamacros/quasiquotes_2.10/2.0.0-M8/quasiquotes_2.10-2.0.0-M8.jar
7fb9dfade000-7fb9dfae1000 r--s 00024000 08:01 690477                     /home/ankursarda/.m2/repository/org/scalanlp/breeze-macros_2.10/0.12/breeze-macros_2.10-0.12.jar
7fb9dfae1000-7fb9dfbb1000 r--s 00cae000 08:01 690473                     /home/ankursarda/.m2/repository/org/scalanlp/breeze_2.10/0.12/breeze_2.10-0.12.jar
7fb9dfbb1000-7fb9dfbb6000 r--s 00027000 08:01 153367                     /home/ankursarda/.m2/repository/org/apache/spark/spark-mllib-local_2.10/2.1.0/spark-mllib-local_2.10-2.1.0.jar
7fb9dfbb6000-7fb9dfbc3000 r--s 0009b000 08:01 153365                     /home/ankursarda/.m2/repository/org/apache/spark/spark-graphx_2.10/2.1.0/spark-graphx_2.10-2.1.0.jar
7fb9dfbc3000-7fb9dfbc4000 r--s 00000000 08:01 690363                     /home/ankursarda/.m2/repository/org/spark-project/spark/unused/1.0.0/unused-1.0.0.jar
7fb9dfbc4000-7fb9dfbc6000 r--s 0001f000 08:01 800159                     /home/ankursarda/.m2/repository/org/apache/commons/commons-crypto/1.0.0/commons-crypto-1.0.0.jar
7fb9dfbc6000-7fb9dfc2c000 r--s 006cc000 08:01 690425                     /home/ankursarda/.m2/repository/org/scalatest/scalatest_2.10/2.2.6/scalatest_2.10-2.2.6.jar
7fb9dfc2c000-7fb9dfc2e000 r--s 00003000 08:01 153346                     /home/ankursarda/.m2/repository/org/apache/spark/spark-tags_2.10/2.1.0/spark-tags_2.10-2.1.0.jar
7fb9dfc2e000-7fb9dfc31000 r--s 0001a000 08:01 690423                     /home/ankursarda/.m2/repository/net/sf/py4j/py4j/0.10.4/py4j-0.10.4.jar
7fb9dfc31000-7fb9dfc34000 r--s 00015000 08:01 690421                     /home/ankursarda/.m2/repository/net/razorvine/pyrolite/4.13/pyrolite-4.13.jar
7fb9dfc34000-7fb9dfc36000 r--s 0000e000 08:01 417321                     /home/ankursarda/.m2/repository/oro/oro/2.0.8/oro-2.0.8.jar
7fb9dfc36000-7fb9dfc4c000 r--s 00124000 08:01 690391                     /home/ankursarda/.m2/repository/org/apache/ivy/ivy/2.4.0/ivy-2.4.0.jar
7fb9dfc4c000-7fb9dfc4e000 r--s 00009000 08:01 690360                     /home/ankursarda/.m2/repository/com/fasterxml/jackson/module/jackson-module-paranamer/2.6.5/jackson-module-paranamer-2.6.5.jar
7fb9dfc4e000-7fb9dfc83000 r--s 002da000 08:01 690427                     /home/ankursarda/.m2/repository/org/scala-lang/scala-reflect/2.10.6/scala-reflect-2.10.6.jar
7fb9dfc83000-7fb9dfc91000 r--s 0006f000 08:01 690413                     /home/ankursarda/.m2/repository/com/fasterxml/jackson/module/jackson-module-scala_2.10/2.6.5/jackson-module-scala_2.10-2.6.5.jar
7fb9dfc91000-7fb9dfc95000 r--s 0003c000 08:01 690419                     /home/ankursarda/.m2/repository/com/fasterxml/jackson/core/jackson-core/2.6.5/jackson-core-2.6.5.jar
7fb9dfc95000-7fb9dfca6000 r--s 0010d000 08:01 690332                     /home/ankursarda/.m2/repository/com/fasterxml/jackson/core/jackson-databind/2.6.5/jackson-databind-2.6.5.jar
7fb9dfca6000-7fb9dfca8000 r--s 00004000 08:01 800157                     /home/ankursarda/.m2/repository/io/dropwizard/metrics/metrics-graphite/3.1.2/metrics-graphite-3.1.2.jar
7fb9dfca8000-7fb9dfca9000 r--s 00003000 08:01 800155                     /home/ankursarda/.m2/repository/io/dropwizard/metrics/metrics-json/3.1.2/metrics-json-3.1.2.jar
7fb9dfca9000-7fb9dfcab000 r--s 00008000 08:01 800153                     /home/ankursarda/.m2/repository/io/dropwizard/metrics/metrics-jvm/3.1.2/metrics-jvm-3.1.2.jar
7fb9dfcab000-7fb9dfcaf000 r--s 00018000 08:01 417426                     /home/ankursarda/.m2/repository/io/dropwizard/metrics/metrics-core/3.1.2/metrics-core-3.1.2.jar
7fb9dfcaf000-7fb9dfcb2000 r--s 00028000 08:01 577438                     /home/ankursarda/.m2/repository/com/clearspring/analytics/stream/2.7.0/stream-2.7.0.jar
7fb9dfcb2000-7fb9dfcca000 r--s 00115000 08:01 800147                     /home/ankursarda/.m2/repository/io/netty/netty/3.8.0.Final/netty-3.8.0.Final.jar
7fb9dfcca000-7fb9dfcf1000 r--s 0020f000 08:01 417439                     /home/ankursarda/.m2/repository/io/netty/netty-all/4.0.42.Final/netty-all-4.0.42.Final.jar
7fb9dfcf1000-7fb9dfcf4000 r--s 0000e000 08:01 417443                     /home/ankursarda/.m2/repository/org/glassfish/jersey/containers/jersey-container-servlet-core/2.22.2/jersey-container-servlet-core-2.22.2.jar
7fb9dfcf4000-7fb9dfcf6000 r--s 00003000 08:01 417434                     /home/ankursarda/.m2/repository/org/glassfish/jersey/containers/jersey-container-servlet/2.22.2/jersey-container-servlet-2.22.2.jar
7fb9dfcf6000-7fb9dfcfa000 r--s 0000c000 08:01 690403                     /home/ankursarda/.m2/repository/javax/validation/validation-api/1.1.0.Final/validation-api-1.1.0.Final.jar
7fb9dfcfa000-7fb9dfcfc000 r--s 00010000 08:01 153357                     /home/ankursarda/.m2/repository/org/glassfish/jersey/media/jersey-media-jaxb/2.22.2/jersey-media-jaxb-2.22.2.jar
7fb9dfcfc000-7fb9dfd12000 r--s 000d3000 08:01 153347                     /home/ankursarda/.m2/repository/org/glassfish/jersey/core/jersey-server/2.22.2/jersey-server-2.22.2.jar
7fb9dfd12000-7fb9dfd13000 r--s 00004000 08:01 153361                     /home/ankursarda/.m2/repository/org/glassfish/hk2/osgi-resource-locator/1.0.1/osgi-resource-locator-1.0.1.jar
7fb9dfd13000-7fb9dfd2b000 r--s 000d6000 08:01 577441                     /home/ankursarda/.m2/repository/org/glassfish/jersey/bundles/repackaged/jersey-guava/2.22.2/jersey-guava-2.22.2.jar
7fb9dfd2b000-7fb9dfd2d000 r--s 00005000 08:01 577437                     /home/ankursarda/.m2/repository/javax/annotation/javax.annotation-api/1.2/javax.annotation-api-1.2.jar
7fb9dfd2d000-7fb9dfd3b000 r--s 0009d000 08:01 577444                     /home/ankursarda/.m2/repository/org/glassfish/jersey/core/jersey-common/2.22.2/jersey-common-2.22.2.jar
7fb9dfd3b000-7fb9dfd45000 r--s 000a5000 08:01 690376                     /home/ankursarda/.m2/repository/org/javassist/javassist/3.18.1-GA/javassist-3.18.1-GA.jar
7fb9dfd45000-7fb9dfd49000 r--s 00029000 08:01 153345                     /home/ankursarda/.m2/repository/org/glassfish/hk2/hk2-locator/2.4.0-b34/hk2-locator-2.4.0-b34.jar
7fb9dfd49000-7fb9dfd4a000 r--s 00001000 08:01 153359                     /home/ankursarda/.m2/repository/org/glassfish/hk2/external/javax.inject/2.4.0-b34/javax.inject-2.4.0-b34.jar
7fb9dfd4a000-7fb9dfd4c000 r--s 00002000 08:01 153349                     /home/ankursarda/.m2/repository/org/glassfish/hk2/external/aopalliance-repackaged/2.4.0-b34/aopalliance-repackaged-2.4.0-b34.jar
7fb9dfd4c000-7fb9dfd50000 r--s 0001a000 08:01 153341                     /home/ankursarda/.m2/repository/org/glassfish/hk2/hk2-utils/2.4.0-b34/hk2-utils-2.4.0-b34.jar
7fb9dfd50000-7fb9dfd55000 r--s 00027000 08:01 153351                     /home/ankursarda/.m2/repository/org/glassfish/hk2/hk2-api/2.4.0-b34/hk2-api-2.4.0-b34.jar
7fb9dfd55000-7fb9dfd59000 r--s 00019000 08:01 417437                     /home/ankursarda/.m2/repository/javax/ws/rs/javax.ws.rs-api/2.0.1/javax.ws.rs-api-2.0.1.jar
7fb9dfd59000-7fb9dfd5d000 r--s 00025000 08:01 417435                     /home/ankursarda/.m2/repository/org/glassfish/jersey/core/jersey-client/2.22.2/jersey-client-2.22.2.jar
7fb9dfd5d000-7fb9dfd61000 r--s 00030000 08:01 690380                     /home/ankursarda/.m2/repository/commons-net/commons-net/2.2/commons-net-2.2.jar
7fb9dfd61000-7fb9dfd64000 r--s 0002f000 08:01 690377                     /home/ankursarda/.m2/repository/org/roaringbitmap/RoaringBitmap/0.5.11/RoaringBitmap-0.5.11.jar
7fb9dfd64000-7fb9dfd66000 r--s 00038000 08:01 690375                     /home/ankursarda/.m2/repository/net/jpountz/lz4/lz4/1.3.0/lz4-1.3.0.jar
7fb9dfd66000-7fb9dfd68000 r--s 00100000 08:01 690373                     /home/ankursarda/.m2/repository/org/xerial/snappy/snappy-java/1.1.2.6/snappy-java-1.1.2.6.jar
7fb9dfd68000-7fb9dfd6a000 r--s 00012000 08:01 417431                     /home/ankursarda/.m2/repository/com/ning/compress-lzf/1.0.3/compress-lzf-1.0.3.jar
7fb9dfd6a000-7fb9dfd6b000 r--s 00002000 08:01 577419                     /home/ankursarda/.m2/repository/org/slf4j/slf4j-log4j12/1.7.16/slf4j-log4j12-1.7.16.jar
7fb9dfd6b000-7fb9dfd74000 r--s 0006f000 08:01 800140                     /home/ankursarda/.m2/repository/log4j/log4j/1.2.17/log4j-1.2.17.jar
7fb9dfd74000-7fb9dfd76000 r--s 00003000 08:01 800151                     /home/ankursarda/.m2/repository/org/slf4j/jcl-over-slf4j/1.7.16/jcl-over-slf4j-1.7.16.jar
7fb9dfd76000-7fb9dfd78000 r--s 00000000 08:01 690371                     /home/ankursarda/.m2/repository/org/slf4j/jul-to-slf4j/1.7.16/jul-to-slf4j-1.7.16.jar
7fb9dfd78000-7fb9dfd79000 r--s 00009000 08:01 800150                     /home/ankursarda/.m2/repository/org/slf4j/slf4j-api/1.7.16/slf4j-api-1.7.16.jar
7fb9dfd79000-7fb9dfd7c000 r--s 00006000 08:01 153324                     /home/ankursarda/.m2/repository/com/google/code/findbugs/jsr305/1.3.9/jsr305-1.3.9.jar
7fb9dfd7c000-7fb9dfda0000 r--s 001cd000 08:01 800145                     /home/ankursarda/.m2/repository/org/apache/commons/commons-math3/3.4.1/commons-math3-3.4.1.jar
7fb9dfda0000-7fb9dfda8000 r--s 0006e000 08:01 577433                     /home/ankursarda/.m2/repository/org/apache/commons/commons-lang3/3.5/commons-lang3-3.5.jar
7fb9dfda8000-7fb9dfdab000 r--s 00015000 08:01 690367                     /home/ankursarda/.m2/repository/javax/servlet/javax.servlet-api/3.1.0/javax.servlet-api-3.1.0.jar
7fb9dfdab000-7fb9dfdd4000 r--s 001ee000 08:01 417429                     /home/ankursarda/.m2/repository/com/google/guava/guava/14.0.1/guava-14.0.1.jar
7fb9dfdd4000-7fb9dfde0000 r--s 000b3000 08:01 690348                     /home/ankursarda/.m2/repository/org/apache/zookeeper/zookeeper/3.4.5/zookeeper-3.4.5.jar
7fb9dfde0000-7fb9dfde3000 r--s 0000e000 08:01 690321                     /home/ankursarda/.m2/repository/org/apache/curator/curator-client/2.4.0/curator-client-2.4.0.jar
7fb9dfde3000-7fb9dfde8000 r--s 00027000 08:01 690368                     /home/ankursarda/.m2/repository/org/apache/curator/curator-framework/2.4.0/curator-framework-2.4.0.jar
7fb9dfde8000-7fb9dfdee000 r--s 00035000 08:01 690365                     /home/ankursarda/.m2/repository/org/apache/curator/curator-recipes/2.4.0/curator-recipes-2.4.0.jar
7fb9dfdee000-7fb9dfdf4000 r--s 00045000 08:01 690315                     /home/ankursarda/.m2/repository/commons-httpclient/commons-httpclient/3.1/commons-httpclient-3.1.jar
7fb9dfdf4000-7fb9dfdf6000 r--s 0000a000 08:01 417317                     /home/ankursarda/.m2/repository/commons-codec/commons-codec/1.3/commons-codec-1.3.jar
7fb9dfdf6000-7fb9dfdfc000 r--s 00057000 08:01 690349                     /home/ankursarda/.m2/repository/net/java/dev/jets3t/jets3t/0.7.1/jets3t-0.7.1.jar
7fb9dfdfc000-7fb9dfdfe000 r--s 00009000 08:01 577423                     /home/ankursarda/.m2/repository/org/apache/spark/spark-unsafe_2.10/2.1.0/spark-unsafe_2.10-2.1.0.jar
7fb9dfdfe000-7fb9dfe01000 r--s 0000d000 08:01 153338                     /home/ankursarda/.m2/repository/org/apache/spark/spark-network-shuffle_2.10/2.1.0/spark-network-shuffle_2.10-2.1.0.jar
7fb9dfe01000-7fb9dfe04000 r--s 00009000 08:01 690411                     /home/ankursarda/.m2/repository/com/fasterxml/jackson/core/jackson-annotations/2.6.5/jackson-annotations-2.6.5.jar
7fb9dfe04000-7fb9dfe07000 r--s 000fd000 08:01 690319                     /home/ankursarda/.m2/repository/org/fusesource/leveldbjni/leveldbjni-all/1.8/leveldbjni-all-1.8.jar
7fb9dfe07000-7fb9dfe35000 r--s 00212000 08:01 417414                     /home/ankursarda/.m2/repository/org/apache/spark/spark-network-common_2.10/2.1.0/spark-network-common_2.10-2.1.0.jar
7fb9dfe35000-7fb9dfe37000 r--s 0000f000 08:01 153336                     /home/ankursarda/.m2/repository/org/apache/spark/spark-launcher_2.10/2.1.0/spark-launcher_2.10-2.1.0.jar
7fb9dfe37000-7fb9dfe39000 r--s 00003000 08:01 800130                     /home/ankursarda/.m2/repository/org/apache/hadoop/hadoop-annotations/2.2.0/hadoop-annotations-2.2.0.jar
7fb9dfe39000-7fb9dfe3a000 r--s 00008000 08:01 690337                     /home/ankursarda/.m2/repository/org/apache/hadoop/hadoop-mapreduce-client-jobclient/2.2.0/hadoop-mapreduce-client-jobclient-2.2.0.jar
7fb9dfe3a000-7fb9dfe4c000 r--s 0012c000 08:01 690341                     /home/ankursarda/.m2/repository/org/apache/hadoop/hadoop-yarn-common/2.2.0/hadoop-yarn-common-2.2.0.jar
7fb9dfe4c000-7fb9dfe64000 r--s 0014c000 08:01 577420                     /home/ankursarda/.m2/repository/org/apache/hadoop/hadoop-mapreduce-client-core/2.2.0/hadoop-mapreduce-client-core-2.2.0.jar
7fb9dfe64000-7fb9dfe75000 r--s 0010a000 08:01 690352                     /home/ankursarda/.m2/repository/org/apache/hadoop/hadoop-yarn-api/2.2.0/hadoop-yarn-api-2.2.0.jar
7fb9dfe75000-7fb9dfe77000 r--s 00004000 08:01 690358                     /home/ankursarda/.m2/repository/org/apache/hadoop/hadoop-mapreduce-client-shuffle/2.2.0/hadoop-mapreduce-client-shuffle-2.2.0.jar
7fb9dfe77000-7fb9dfe7b000 r--s 00027000 08:01 577425                     /home/ankursarda/.m2/repository/org/apache/hadoop/hadoop-yarn-server-common/2.2.0/hadoop-yarn-server-common-2.2.0.jar
7fb9dfe7b000-7fb9dfe7d000 r--s 00000000 08:01 153331                     /home/ankursarda/.m2/repository/aopalliance/aopalliance/1.0/aopalliance-1.0.jar
7fb9dfe7d000-7fb9dfe8c000 r--s 0009f000 08:01 690347                     /home/ankursarda/.m2/repository/com/google/inject/guice/3.0/guice-3.0.jar
7fb9dfe8c000-7fb9dfe8f000 r--s 00015000 08:01 417415                     /home/ankursarda/.m2/repository/org/apache/hadoop/hadoop-yarn-client/2.2.0/hadoop-yarn-client-2.2.0.jar
7fb9dfe8f000-7fb9dfe9b000 r--s 00095000 08:01 690326                     /home/ankursarda/.m2/repository/org/apache/hadoop/hadoop-mapreduce-client-common/2.2.0/hadoop-mapreduce-client-common-2.2.0.jar
7fb9dfe9b000-7fb9dfea4000 r--s 0006d000 08:01 577412                     /home/ankursarda/.m2/repository/org/apache/hadoop/hadoop-mapreduce-client-app/2.2.0/hadoop-mapreduce-client-app-2.2.0.jar
7fb9dfea4000-7fb9dfea8000 r--s 00028000 08:01 577421                     /home/ankursarda/.m2/repository/org/mortbay/jetty/jetty-util/6.1.26/jetty-util-6.1.26.jar
7fb9dfea8000-7fb9dfeed000 r--s 004bb000 08:01 417412                     /home/ankursarda/.m2/repository/org/apache/hadoop/hadoop-hdfs/2.2.0/hadoop-hdfs-2.2.0.jar
7fb9dfeed000-7fb9dfef1000 r--s 00014000 08:01 690339                     /home/ankursarda/.m2/repository/org/tukaani/xz/1.0/xz-1.0.jar
7fb9dfef1000-7fb9dfef6000 r--s 00036000 08:01 800141                     /home/ankursarda/.m2/repository/org/apache/commons/commons-compress/1.4.1/commons-compress-1.4.1.jar
7fb9dfef6000-7fb9dfef8000 r--s 0000b000 08:01 690335                     /home/ankursarda/.m2/repository/org/apache/hadoop/hadoop-auth/2.2.0/hadoop-auth-2.2.0.jar
7fb9dfef8000-7fb9dff00000 r--s 0007b000 08:01 690351                     /home/ankursarda/.m2/repository/com/google/protobuf/protobuf-java/2.5.0/protobuf-java-2.5.0.jar
7fb9dff00000-7fb9dff04000 r--s 0002f000 08:01 690329                     /home/ankursarda/.m2/repository/commons-beanutils/commons-beanutils-core/1.8.0/commons-beanutils-core-1.8.0.jar
7fb9dff04000-7fb9dff09000 r--s 0002a000 08:01 689929                     /home/ankursarda/.m2/repository/commons-beanutils/commons-beanutils/1.7.0/commons-beanutils-1.7.0.jar
7fb9dff09000-7fb9dff0d000 r--s 00020000 08:01 689937                     /home/ankursarda/.m2/repository/commons-digester/commons-digester/1.8/commons-digester-1.8.jar
7fb9dff0d000-7fb9dff1b000 r--s 0007f000 08:01 799992                     /home/ankursarda/.m2/repository/commons-collections/commons-collections/3.2.1/commons-collections-3.2.1.jar
7fb9dff1b000-7fb9dff21000 r--s 00043000 08:01 690327                     /home/ankursarda/.m2/repository/commons-configuration/commons-configuration/1.6/commons-configuration-1.6.jar
7fb9dff21000-7fb9dff26000 r--s 00040000 08:01 689955                     /home/ankursarda/.m2/repository/commons-lang/commons-lang/2.5/commons-lang-2.5.jar
7fb9dff26000-7fb9dff29000 r--s 00025000 08:01 690345                     /home/ankursarda/.m2/repository/commons-io/commons-io/2.1/commons-io-2.1.jar
7fb9dff29000-7fb9e0000000 r--s 00a62000 08:01 153325                     /home/ankursarda/.m2/repository/org/apache/spark/spark-core_2.10/2.1.0/spark-core_2.10-2.1.0.jar
7fb9e0000000-7fb9e0021000 rw-p 00000000 00:00 0 
7fb9e0021000-7fb9e4000000 ---p 00000000 00:00 0 
7fb9e4000000-7fb9e4021000 rw-p 00000000 00:00 0 
7fb9e4021000-7fb9e8000000 ---p 00000000 00:00 0 
7fb9e8000000-7fb9ea386000 rw-p 00000000 00:00 0 
7fb9ea386000-7fb9ec000000 ---p 00000000 00:00 0 
7fb9ec000000-7fb9ecfd8000 rw-p 00000000 00:00 0 
7fb9ecfd8000-7fb9f0000000 ---p 00000000 00:00 0 
7fb9f0000000-7fb9f021c000 rw-p 00000000 00:00 0 
7fb9f021c000-7fb9f4000000 ---p 00000000 00:00 0 
7fb9f4000000-7fb9f4021000 rw-p 00000000 00:00 0 
7fb9f4021000-7fb9f8000000 ---p 00000000 00:00 0 
7fb9f8000000-7fb9f8021000 rw-p 00000000 00:00 0 
7fb9f8021000-7fb9fc000000 ---p 00000000 00:00 0 
7fb9fc000000-7fb9fc053000 rw-p 00000000 00:00 0 
7fb9fc053000-7fba00000000 ---p 00000000 00:00 0 
7fba00000000-7fba00021000 rw-p 00000000 00:00 0 
7fba00021000-7fba04000000 ---p 00000000 00:00 0 
7fba04000000-7fba04042000 rw-p 00000000 00:00 0 
7fba04042000-7fba08000000 ---p 00000000 00:00 0 
7fba08000000-7fba0843e000 rw-p 00000000 00:00 0 
7fba0843e000-7fba0c000000 ---p 00000000 00:00 0 
7fba0c000000-7fba0c3d2000 rw-p 00000000 00:00 0 
7fba0c3d2000-7fba10000000 ---p 00000000 00:00 0 
7fba10000000-7fba1004c000 rw-p 00000000 00:00 0 
7fba1004c000-7fba14000000 ---p 00000000 00:00 0 
7fba14000000-7fba14001000 r--s 00000000 08:01 800137                     /home/ankursarda/.m2/repository/javax/inject/javax.inject/1/javax.inject-1.jar
7fba14001000-7fba14002000 r--s 00003000 08:01 690323                     /home/ankursarda/.m2/repository/xmlenc/xmlenc/0.52/xmlenc-0.52.jar
7fba14002000-7fba14013000 r--s 000bb000 08:01 800131                     /home/ankursarda/.m2/repository/org/apache/commons/commons-math/2.1/commons-math-2.1.jar
7fba14013000-7fba14015000 r--s 00009000 08:01 153333                     /home/ankursarda/.m2/repository/commons-cli/commons-cli/1.2/commons-cli-1.2.jar
7fba14015000-7fba14040000 r--s 00271000 08:01 690317                     /home/ankursarda/.m2/repository/org/apache/hadoop/hadoop-common/2.2.0/hadoop-common-2.2.0.jar
7fba14040000-7fba14043000 r--s 00021000 08:01 690308                     /home/ankursarda/.m2/repository/org/apache/xbean/xbean-asm5-shaded/4.4/xbean-asm5-shaded-4.4.jar
7fba14043000-7fba14045000 r--s 0000b000 08:01 690313                     /home/ankursarda/.m2/repository/com/twitter/chill-java/0.8.0/chill-java-0.8.0.jar
7fba14045000-7fba14047000 r--s 00009000 08:01 690311                     /home/ankursarda/.m2/repository/org/objenesis/objenesis/2.1/objenesis-2.1.jar
7fba14047000-7fba1404e000 r--s 00051000 08:01 153327                     /home/ankursarda/.m2/repository/com/esotericsoftware/kryo-shaded/3.0.3/kryo-shaded-3.0.3.jar
7fba1404e000-7fba14052000 r--s 00032000 08:01 690361                     /home/ankursarda/.m2/repository/com/twitter/chill_2.10/0.8.0/chill_2.10-0.8.0.jar
7fba14052000-7fba14060000 r--s 000b1000 08:01 153329                     /home/ankursarda/.m2/repository/org/codehaus/jackson/jackson-mapper-asl/1.9.13/jackson-mapper-asl-1.9.13.jar
7fba14060000-7fba14064000 r--s 00035000 08:01 800129                     /home/ankursarda/.m2/repository/org/codehaus/jackson/jackson-core-asl/1.9.13/jackson-core-asl-1.9.13.jar
7fba14064000-7fba1406b000 r--s 0004e000 08:01 690303                     /home/ankursarda/.m2/repository/org/apache/avro/avro-ipc/1.7.7/avro-ipc-1.7.7-tests.jar
7fba1406b000-7fba14074000 r--s 00062000 08:01 690305                     /home/ankursarda/.m2/repository/org/apache/avro/avro/1.7.7/avro-1.7.7.jar
7fba14074000-7fba14078000 r--s 0002c000 08:01 690293                     /home/ankursarda/.m2/repository/org/apache/avro/avro-ipc/1.7.7/avro-ipc-1.7.7.jar
7fba14078000-7fba1407d000 r--s 00028000 08:01 690295                     /home/ankursarda/.m2/repository/org/apache/avro/avro-mapred/1.7.7/avro-mapred-1.7.7-hadoop2.jar
7fba1407d000-7fba140f0000 r--s 0065b000 08:01 690415                     /home/ankursarda/.m2/repository/org/scala-lang/scala-library/2.10.6/scala-library-2.10.6.jar
7fba140f0000-7fba140fa000 r--s 000a3000 08:01 800334                     /home/ankursarda/Software/scala-2.10.6/lib/scala-swing.jar
7fba140fa000-7fba1412f000 r--s 002da000 08:01 800332                     /home/ankursarda/Software/scala-2.10.6/lib/scala-reflect.jar
7fba1412f000-7fba14137000 r--s 0006d000 08:01 800337                     /home/ankursarda/Software/scala-2.10.6/lib/scala-actors.jar
7fba14137000-7fba14139000 r--s 0000d000 08:01 800335                     /home/ankursarda/Software/scala-2.10.6/lib/scala-actors-migration.jar
7fba14139000-7fba141ac000 r--s 0065b000 08:01 800339                     /home/ankursarda/Software/scala-2.10.6/lib/scala-library.jar
7fba141ac000-7fba141bf000 r--s 00345000 08:01 1061686                    /usr/lib/jvm/java-8-oracle/jre/lib/resources.jar
7fba141bf000-7fba141d1000 r--s 000d6000 08:01 1061685                    /usr/lib/jvm/java-8-oracle/jre/lib/plugin.jar
7fba141d1000-7fba141d5000 r--s 0009a000 08:01 1050795                    /usr/lib/jvm/java-8-oracle/jre/lib/jsse.jar
7fba141d5000-7fba141df000 r--s 0006c000 08:01 1051353                    /usr/lib/jvm/java-8-oracle/jre/lib/javaws.jar
7fba141df000-7fba141fa000 r--s 00209000 08:01 1051354                    /usr/lib/jvm/java-8-oracle/jre/lib/deploy.jar
7fba141fa000-7fba141fb000 ---p 00000000 00:00 0 
7fba141fb000-7fba142fb000 rw-p 00000000 00:00 0 
7fba142fb000-7fba142fe000 ---p 00000000 00:00 0 
7fba142fe000-7fba143fc000 rw-p 00000000 00:00 0 
7fba143fc000-7fba143ff000 ---p 00000000 00:00 0 
7fba143ff000-7fba144fd000 rw-p 00000000 00:00 0 
7fba144fd000-7fba14500000 ---p 00000000 00:00 0 
7fba14500000-7fba145fe000 rw-p 00000000 00:00 0 
7fba145fe000-7fba14601000 ---p 00000000 00:00 0 
7fba14601000-7fba146ff000 rw-p 00000000 00:00 0 
7fba146ff000-7fba14702000 ---p 00000000 00:00 0 
7fba14702000-7fba14800000 rw-p 00000000 00:00 0 
7fba14800000-7fba14803000 ---p 00000000 00:00 0 
7fba14803000-7fba14901000 rw-p 00000000 00:00 0 
7fba14901000-7fba14905000 r-xp 00000000 08:01 1050892                    /usr/lib/jvm/java-8-oracle/jre/lib/amd64/libdt_socket.so
7fba14905000-7fba14b04000 ---p 00004000 08:01 1050892                    /usr/lib/jvm/java-8-oracle/jre/lib/amd64/libdt_socket.so
7fba14b04000-7fba14b05000 rw-p 00003000 08:01 1050892                    /usr/lib/jvm/java-8-oracle/jre/lib/amd64/libdt_socket.so
7fba14b05000-7fba14b08000 ---p 00000000 00:00 0 
7fba14b08000-7fba14c06000 rw-p 00000000 00:00 0 
7fba14c06000-7fba14c09000 ---p 00000000 00:00 0 
7fba14c09000-7fba14d07000 rw-p 00000000 00:00 0 
7fba14d07000-7fba14d0a000 ---p 00000000 00:00 0 
7fba14d0a000-7fba14e08000 rw-p 00000000 00:00 0 
7fba14e08000-7fba14e09000 ---p 00000000 00:00 0 
7fba14e09000-7fba15833000 rw-p 00000000 00:00 0 
7fba15833000-7fba15a0c000 r--s 03d3e000 08:01 1050843                    /usr/lib/jvm/java-8-oracle/jre/lib/rt.jar
7fba15a0c000-7fba17b58000 rw-p 00000000 00:00 0 
7fba17b58000-7fba17b59000 ---p 00000000 00:00 0 
7fba17b59000-7fba17c59000 rw-p 00000000 00:00 0 
7fba17c59000-7fba17c5a000 ---p 00000000 00:00 0 
7fba17c5a000-7fba17d6d000 rw-p 00000000 00:00 0 
7fba17d6d000-7fba17e54000 ---p 00000000 00:00 0 
7fba17e54000-7fba17e91000 rw-p 00000000 00:00 0 
7fba17e91000-7fba18214000 ---p 00000000 00:00 0 
7fba18214000-7fba19134000 rwxp 00000000 00:00 0 
7fba19134000-7fba27214000 ---p 00000000 00:00 0 
7fba27214000-7fba2722e000 r-xp 00000000 08:01 1050874                    /usr/lib/jvm/java-8-oracle/jre/lib/amd64/libzip.so
7fba2722e000-7fba2742e000 ---p 0001a000 08:01 1050874                    /usr/lib/jvm/java-8-oracle/jre/lib/amd64/libzip.so
7fba2742e000-7fba2742f000 rw-p 0001a000 08:01 1050874                    /usr/lib/jvm/java-8-oracle/jre/lib/amd64/libzip.so
7fba2742f000-7fba2743a000 r-xp 00000000 08:01 922961                     /lib/x86_64-linux-gnu/libnss_files-2.23.so
7fba2743a000-7fba27639000 ---p 0000b000 08:01 922961                     /lib/x86_64-linux-gnu/libnss_files-2.23.so
7fba27639000-7fba2763a000 r--p 0000a000 08:01 922961                     /lib/x86_64-linux-gnu/libnss_files-2.23.so
7fba2763a000-7fba2763b000 rw-p 0000b000 08:01 922961                     /lib/x86_64-linux-gnu/libnss_files-2.23.so
7fba2763b000-7fba27641000 rw-p 00000000 00:00 0 
7fba27641000-7fba28000000 r--p 00000000 08:01 5017                       /usr/lib/locale/locale-archive
7fba28000000-7fba297b4000 rw-p 00000000 00:00 0 
7fba297b4000-7fba2c000000 ---p 00000000 00:00 0 
7fba2c000000-7fba2c005000 r--s 00084000 08:01 1051345                    /usr/lib/jvm/java-8-oracle/jre/lib/jfr.jar
7fba2c005000-7fba2c05a000 rw-p 00000000 00:00 0 
7fba2c05a000-7fba2c140000 ---p 00000000 00:00 0 
7fba2c140000-7fba2c1b1000 rw-p 00000000 00:00 0 
7fba2c1b1000-7fba2c1bd000 ---p 00000000 00:00 0 
7fba2c1bd000-7fba2c1be000 rw-p 00000000 00:00 0 
7fba2c1be000-7fba2c1c9000 r-xp 00000000 08:01 922971                     /lib/x86_64-linux-gnu/libnss_nis-2.23.so
7fba2c1c9000-7fba2c3c8000 ---p 0000b000 08:01 922971                     /lib/x86_64-linux-gnu/libnss_nis-2.23.so
7fba2c3c8000-7fba2c3c9000 r--p 0000a000 08:01 922971                     /lib/x86_64-linux-gnu/libnss_nis-2.23.so
7fba2c3c9000-7fba2c3ca000 rw-p 0000b000 08:01 922971                     /lib/x86_64-linux-gnu/libnss_nis-2.23.so
7fba2c3ca000-7fba2c3e0000 r-xp 00000000 08:01 922955                     /lib/x86_64-linux-gnu/libnsl-2.23.so
7fba2c3e0000-7fba2c5df000 ---p 00016000 08:01 922955                     /lib/x86_64-linux-gnu/libnsl-2.23.so
7fba2c5df000-7fba2c5e0000 r--p 00015000 08:01 922955                     /lib/x86_64-linux-gnu/libnsl-2.23.so
7fba2c5e0000-7fba2c5e1000 rw-p 00016000 08:01 922955                     /lib/x86_64-linux-gnu/libnsl-2.23.so
7fba2c5e1000-7fba2c5e3000 rw-p 00000000 00:00 0 
7fba2c5e3000-7fba2c5eb000 r-xp 00000000 08:01 922957                     /lib/x86_64-linux-gnu/libnss_compat-2.23.so
7fba2c5eb000-7fba2c7ea000 ---p 00008000 08:01 922957                     /lib/x86_64-linux-gnu/libnss_compat-2.23.so
7fba2c7ea000-7fba2c7eb000 r--p 00007000 08:01 922957                     /lib/x86_64-linux-gnu/libnss_compat-2.23.so
7fba2c7eb000-7fba2c7ec000 rw-p 00008000 08:01 922957                     /lib/x86_64-linux-gnu/libnss_compat-2.23.so
7fba2c7ec000-7fba2c7ee000 r-xp 00000000 08:01 1050882                    /usr/lib/jvm/java-8-oracle/jre/lib/amd64/libnpt.so
7fba2c7ee000-7fba2c9ee000 ---p 00002000 08:01 1050882                    /usr/lib/jvm/java-8-oracle/jre/lib/amd64/libnpt.so
7fba2c9ee000-7fba2c9ef000 rw-p 00002000 08:01 1050882                    /usr/lib/jvm/java-8-oracle/jre/lib/amd64/libnpt.so
7fba2c9ef000-7fba2ca28000 r-xp 00000000 08:01 1050849                    /usr/lib/jvm/java-8-oracle/jre/lib/amd64/libjdwp.so
7fba2ca28000-7fba2cc28000 ---p 00039000 08:01 1050849                    /usr/lib/jvm/java-8-oracle/jre/lib/amd64/libjdwp.so
7fba2cc28000-7fba2cc29000 rw-p 00039000 08:01 1050849                    /usr/lib/jvm/java-8-oracle/jre/lib/amd64/libjdwp.so
7fba2cc29000-7fba2cc2a000 rw-p 00000000 00:00 0 
7fba2cc2a000-7fba2cc55000 r-xp 00000000 08:01 1050901                    /usr/lib/jvm/java-8-oracle/jre/lib/amd64/libjava.so
7fba2cc55000-7fba2ce54000 ---p 0002b000 08:01 1050901                    /usr/lib/jvm/java-8-oracle/jre/lib/amd64/libjava.so
7fba2ce54000-7fba2ce56000 rw-p 0002a000 08:01 1050901                    /usr/lib/jvm/java-8-oracle/jre/lib/amd64/libjava.so
7fba2ce56000-7fba2ce63000 r-xp 00000000 08:01 1050853                    /usr/lib/jvm/java-8-oracle/jre/lib/amd64/libverify.so
7fba2ce63000-7fba2d062000 ---p 0000d000 08:01 1050853                    /usr/lib/jvm/java-8-oracle/jre/lib/amd64/libverify.so
7fba2d062000-7fba2d064000 rw-p 0000c000 08:01 1050853                    /usr/lib/jvm/java-8-oracle/jre/lib/amd64/libverify.so
7fba2d064000-7fba2d06b000 r-xp 00000000 08:01 923016                     /lib/x86_64-linux-gnu/librt-2.23.so
7fba2d06b000-7fba2d26a000 ---p 00007000 08:01 923016                     /lib/x86_64-linux-gnu/librt-2.23.so
7fba2d26a000-7fba2d26b000 r--p 00006000 08:01 923016                     /lib/x86_64-linux-gnu/librt-2.23.so
7fba2d26b000-7fba2d26c000 rw-p 00007000 08:01 923016                     /lib/x86_64-linux-gnu/librt-2.23.so
7fba2d26c000-7fba2d374000 r-xp 00000000 08:01 922932                     /lib/x86_64-linux-gnu/libm-2.23.so
7fba2d374000-7fba2d573000 ---p 00108000 08:01 922932                     /lib/x86_64-linux-gnu/libm-2.23.so
7fba2d573000-7fba2d574000 r--p 00107000 08:01 922932                     /lib/x86_64-linux-gnu/libm-2.23.so
7fba2d574000-7fba2d575000 rw-p 00108000 08:01 922932                     /lib/x86_64-linux-gnu/libm-2.23.so
7fba2d575000-7fba2e243000 r-xp 00000000 08:01 1050905                    /usr/lib/jvm/java-8-oracle/jre/lib/amd64/server/libjvm.so
7fba2e243000-7fba2e443000 ---p 00cce000 08:01 1050905                    /usr/lib/jvm/java-8-oracle/jre/lib/amd64/server/libjvm.so
7fba2e443000-7fba2e51c000 rw-p 00cce000 08:01 1050905                    /usr/lib/jvm/java-8-oracle/jre/lib/amd64/server/libjvm.so
7fba2e51c000-7fba2e567000 rw-p 00000000 00:00 0 
7fba2e567000-7fba2e727000 r-xp 00000000 08:01 922862                     /lib/x86_64-linux-gnu/libc-2.23.so
7fba2e727000-7fba2e926000 ---p 001c0000 08:01 922862                     /lib/x86_64-linux-gnu/libc-2.23.so
7fba2e926000-7fba2e92a000 r--p 001bf000 08:01 922862                     /lib/x86_64-linux-gnu/libc-2.23.so
7fba2e92a000-7fba2e92c000 rw-p 001c3000 08:01 922862                     /lib/x86_64-linux-gnu/libc-2.23.so
7fba2e92c000-7fba2e930000 rw-p 00000000 00:00 0 
7fba2e930000-7fba2e933000 r-xp 00000000 08:01 922886                     /lib/x86_64-linux-gnu/libdl-2.23.so
7fba2e933000-7fba2eb32000 ---p 00003000 08:01 922886                     /lib/x86_64-linux-gnu/libdl-2.23.so
7fba2eb32000-7fba2eb33000 r--p 00002000 08:01 922886                     /lib/x86_64-linux-gnu/libdl-2.23.so
7fba2eb33000-7fba2eb34000 rw-p 00003000 08:01 922886                     /lib/x86_64-linux-gnu/libdl-2.23.so
7fba2eb34000-7fba2eb49000 r-xp 00000000 08:01 931523                     /usr/lib/jvm/java-8-oracle/lib/amd64/jli/libjli.so
7fba2eb49000-7fba2ed49000 ---p 00015000 08:01 931523                     /usr/lib/jvm/java-8-oracle/lib/amd64/jli/libjli.so
7fba2ed49000-7fba2ed4a000 rw-p 00015000 08:01 931523                     /usr/lib/jvm/java-8-oracle/lib/amd64/jli/libjli.so
7fba2ed4a000-7fba2ed62000 r-xp 00000000 08:01 923008                     /lib/x86_64-linux-gnu/libpthread-2.23.so
7fba2ed62000-7fba2ef61000 ---p 00018000 08:01 923008                     /lib/x86_64-linux-gnu/libpthread-2.23.so
7fba2ef61000-7fba2ef62000 r--p 00017000 08:01 923008                     /lib/x86_64-linux-gnu/libpthread-2.23.so
7fba2ef62000-7fba2ef63000 rw-p 00018000 08:01 923008                     /lib/x86_64-linux-gnu/libpthread-2.23.so
7fba2ef63000-7fba2ef67000 rw-p 00000000 00:00 0 
7fba2ef67000-7fba2ef8d000 r-xp 00000000 08:01 922834                     /lib/x86_64-linux-gnu/ld-2.23.so
7fba2ef8d000-7fba2ef8e000 r--s 00000000 08:01 690310                     /home/ankursarda/.m2/repository/org/apache/hadoop/hadoop-client/2.2.0/hadoop-client-2.2.0.jar
7fba2ef8e000-7fba2f06f000 rw-p 00000000 00:00 0 
7fba2f06f000-7fba2f072000 ---p 00000000 00:00 0 
7fba2f072000-7fba2f174000 rw-p 00000000 00:00 0 
7fba2f174000-7fba2f175000 r--s 00001000 08:01 577413                     /home/ankursarda/.m2/repository/com/esotericsoftware/minlog/1.3.0/minlog-1.3.0.jar
7fba2f175000-7fba2f176000 r--s 00000000 08:01 1050922                    /usr/lib/jvm/java-8-oracle/jre/lib/management-agent.jar
7fba2f176000-7fba2f178000 r--s 00007000 08:01 1050916                    /usr/lib/jvm/java-8-oracle/jre/lib/jfxswt.jar
7fba2f178000-7fba2f17b000 r--s 0001a000 08:01 1061716                    /usr/lib/jvm/java-8-oracle/jre/lib/jce.jar
7fba2f17b000-7fba2f180000 r--s 002f9000 08:01 1050796                    /usr/lib/jvm/java-8-oracle/jre/lib/charsets.jar
7fba2f180000-7fba2f188000 rw-s 00000000 08:01 268775                     /tmp/hsperfdata_ankursarda/9200
7fba2f188000-7fba2f189000 rw-p 00000000 00:00 0 
7fba2f189000-7fba2f18a000 ---p 00000000 00:00 0 
7fba2f18a000-7fba2f18c000 rw-p 00000000 00:00 0 
7fba2f18c000-7fba2f18d000 r--p 00025000 08:01 922834                     /lib/x86_64-linux-gnu/ld-2.23.so
7fba2f18d000-7fba2f18e000 rw-p 00026000 08:01 922834                     /lib/x86_64-linux-gnu/ld-2.23.so
7fba2f18e000-7fba2f18f000 rw-p 00000000 00:00 0 
7ffd67cfd000-7ffd67d22000 rw-p 00000000 00:00 0                          [stack]
7ffd67d2b000-7ffd67d2d000 r--p 00000000 00:00 0                          [vvar]
7ffd67d2d000-7ffd67d2f000 r-xp 00000000 00:00 0                          [vdso]
ffffffffff600000-ffffffffff601000 r-xp 00000000 00:00 0                  [vsyscall]

VM Arguments:
jvm_args: -agentlib:jdwp=transport=dt_socket,address=127.0.0.1:35549,suspend=y,server=n -Dfile.encoding=UTF-8 
java_command: graph_analytics.graphx.algorithms.label_propagation.LabelPropagationExec
java_class_path (initial): /usr/lib/jvm/java-8-oracle/jre/lib/charsets.jar:/usr/lib/jvm/java-8-oracle/jre/lib/deploy.jar:/usr/lib/jvm/java-8-oracle/jre/lib/ext/cldrdata.jar:/usr/lib/jvm/java-8-oracle/jre/lib/ext/dnsns.jar:/usr/lib/jvm/java-8-oracle/jre/lib/ext/jaccess.jar:/usr/lib/jvm/java-8-oracle/jre/lib/ext/jfxrt.jar:/usr/lib/jvm/java-8-oracle/jre/lib/ext/localedata.jar:/usr/lib/jvm/java-8-oracle/jre/lib/ext/nashorn.jar:/usr/lib/jvm/java-8-oracle/jre/lib/ext/sunec.jar:/usr/lib/jvm/java-8-oracle/jre/lib/ext/sunjce_provider.jar:/usr/lib/jvm/java-8-oracle/jre/lib/ext/sunpkcs11.jar:/usr/lib/jvm/java-8-oracle/jre/lib/ext/zipfs.jar:/usr/lib/jvm/java-8-oracle/jre/lib/javaws.jar:/usr/lib/jvm/java-8-oracle/jre/lib/jce.jar:/usr/lib/jvm/java-8-oracle/jre/lib/jfr.jar:/usr/lib/jvm/java-8-oracle/jre/lib/jfxswt.jar:/usr/lib/jvm/java-8-oracle/jre/lib/jsse.jar:/usr/lib/jvm/java-8-oracle/jre/lib/management-agent.jar:/usr/lib/jvm/java-8-oracle/jre/lib/plugin.jar:/usr/lib/jvm/java-8-oracle/jre/lib/resources.jar:/usr/lib/jvm/java-8-oracle/jre/lib/rt.jar:/home/ankursarda/Projects/graph-analytics/graphx/target/classes:/home/ankursarda/Software/scala-2.10.6/lib/scala-library.jar:/home/ankursarda/Software/scala-2.10.6/lib/scala-actors-migration.jar:/home/ankursarda/Software/scala-2.10.6/lib/scala-actors.jar:/home/ankursarda/Software/scala-2.10.6/lib/scala-reflect.jar:/home/ankursarda/Software/scala-2.10.6/lib/scala-swing.jar:/home/ankursarda/.m2/repository/org/scala-lang/scala-library/2.10.6/scala-library-2.10.6.jar:/home/ankursarda/.m2/repository/org/apache/spark/spark-core_2.10/2.1.0/spark-core_2.10-2.1.0.jar:/home/ankursarda/.m2/repository/org/apache/avro/avro-mapred/1.7.7/avro-mapred-1.7.7-hadoop2.jar:/home/ankursarda/.m2/repository/org/apache/avro/avro-ipc/1.7.7/avro-ipc-1.7.7.jar:/home/ankursarda/.m2/repository/org/apache/avro/avro/1.7.7/avro-1.7.7.jar:/home/ankursarda/.m2/repository/org/apache/avro/avro-ipc/1.7.7/avro-ipc-1.7.7-tests.jar:/home/ankursarda/.m2/repository/org/codeh
Launcher Type: SUN_STANDARD

Environment Variables:
JAVA_HOME=/usr/lib/jvm/java-8-oracle
PATH=/home/ankursarda/bin:/home/ankursarda/.local/bin:/usr/local/sbin:/usr/local/bin:/usr/sbin:/usr/bin:/sbin:/bin:/usr/games:/usr/local/games:/snap/bin:/usr/lib/jvm/java-8-oracle/bin:/usr/lib/jvm/java-8-oracle/db/bin:/usr/lib/jvm/java-8-oracle/jre/bin
LD_LIBRARY_PATH=/home/ankursarda/Software/idea-IC-163.12024.16/bin:
SHELL=/bin/bash
DISPLAY=:0

Signal Handlers:
SIGSEGV: [libjvm.so+0xac78c0], sa_mask[0]=11111111011111111101111111111110, sa_flags=SA_RESTART|SA_SIGINFO
SIGBUS: [libjvm.so+0xac78c0], sa_mask[0]=11111111011111111101111111111110, sa_flags=SA_RESTART|SA_SIGINFO
SIGFPE: [libjvm.so+0x920ac0], sa_mask[0]=11111111011111111101111111111110, sa_flags=SA_RESTART|SA_SIGINFO
SIGPIPE: [libjvm.so+0x920ac0], sa_mask[0]=11111111011111111101111111111110, sa_flags=SA_RESTART|SA_SIGINFO
SIGXFSZ: [libjvm.so+0x920ac0], sa_mask[0]=11111111011111111101111111111110, sa_flags=SA_RESTART|SA_SIGINFO
SIGILL: [libjvm.so+0x920ac0], sa_mask[0]=11111111011111111101111111111110, sa_flags=SA_RESTART|SA_SIGINFO
SIGUSR1: SIG_DFL, sa_mask[0]=00000000000000000000000000000000, sa_flags=none
SIGUSR2: [libjvm.so+0x922300], sa_mask[0]=00100000000000000000000000000000, sa_flags=SA_RESTART|SA_SIGINFO
SIGHUP: [libjvm.so+0x923700], sa_mask[0]=11111111011111111101111111111110, sa_flags=SA_RESTART|SA_SIGINFO
SIGINT: [libjvm.so+0x923700], sa_mask[0]=11111111011111111101111111111110, sa_flags=SA_RESTART|SA_SIGINFO
SIGTERM: [libjvm.so+0x923700], sa_mask[0]=11111111011111111101111111111110, sa_flags=SA_RESTART|SA_SIGINFO
SIGQUIT: [libjvm.so+0x923700], sa_mask[0]=11111111011111111101111111111110, sa_flags=SA_RESTART|SA_SIGINFO


---------------  S Y S T E M  ---------------

OS:DISTRIB_ID=Ubuntu
DISTRIB_RELEASE=16.04
DISTRIB_CODENAME=xenial
DISTRIB_DESCRIPTION="Ubuntu 16.04.1 LTS"

uname:Linux 4.4.0-62-generic #83-Ubuntu SMP Wed Jan 18 14:10:15 UTC 2017 x86_64
libc:glibc 2.23 NPTL 2.23 
rlimit: STACK 8192k, CORE 0k, NPROC 11811, NOFILE 65536, AS infinity
load average:3.14 1.66 1.21

/proc/meminfo:
MemTotal:        3062720 kB
MemFree:           59176 kB
MemAvailable:          0 kB
Buffers:             172 kB
Cached:            44164 kB
SwapCached:          400 kB
Active:          2101780 kB
Inactive:         529448 kB
Active(anon):    2098416 kB
Inactive(anon):   526332 kB
Active(file):       3364 kB
Inactive(file):     3116 kB
Unevictable:         260 kB
Mlocked:             260 kB
SwapTotal:       1046524 kB
SwapFree:              0 kB
Dirty:                 0 kB
Writeback:             0 kB
AnonPages:       2587308 kB
Mapped:            37252 kB
Shmem:             37604 kB
Slab:              84384 kB
SReclaimable:      28236 kB
SUnreclaim:        56148 kB
KernelStack:       13760 kB
PageTables:        37676 kB
NFS_Unstable:          0 kB
Bounce:                0 kB
WritebackTmp:          0 kB
CommitLimit:     2577884 kB
Committed_AS:    7129856 kB
VmallocTotal:   34359738367 kB
VmallocUsed:           0 kB
VmallocChunk:          0 kB
HardwareCorrupted:     0 kB
AnonHugePages:    671744 kB
CmaTotal:              0 kB
CmaFree:               0 kB
HugePages_Total:       0
HugePages_Free:        0
HugePages_Rsvd:        0
HugePages_Surp:        0
Hugepagesize:       2048 kB
DirectMap4k:      321408 kB
DirectMap2M:     2824192 kB


CPU:total 2 (1 cores per cpu, 1 threads per core) family 6 model 58 stepping 9, cmov, cx8, fxsr, mmx, sse, sse2, sse3, ssse3, sse4.1, sse4.2, popcnt, avx, aes, clmul, erms, tsc, tscinvbit, tscinv

/proc/cpuinfo:
processor	: 0
vendor_id	: GenuineIntel
cpu family	: 6
model		: 58
model name	: Intel(R) Core(TM) i5-3210M CPU @ 2.50GHz
stepping	: 9
microcode	: 0x15
cpu MHz		: 2493.979
cache size	: 3072 KB
physical id	: 0
siblings	: 1
core id		: 0
cpu cores	: 1
apicid		: 0
initial apicid	: 0
fpu		: yes
fpu_exception	: yes
cpuid level	: 13
wp		: yes
flags		: fpu vme de pse tsc msr pae mce cx8 apic sep mtrr pge mca cmov pat pse36 clflush dts mmx fxsr sse sse2 ss syscall nx rdtscp lm constant_tsc arch_perfmon pebs bts nopl xtopology tsc_reliable nonstop_tsc aperfmperf pni pclmulqdq ssse3 cx16 pcid sse4_1 sse4_2 x2apic popcnt tsc_deadline_timer aes xsave avx f16c rdrand hypervisor lahf_lm epb fsgsbase tsc_adjust smep dtherm ida arat pln pts
bugs		:
bogomips	: 4987.95
clflush size	: 64
cache_alignment	: 64
address sizes	: 42 bits physical, 48 bits virtual
power management:

processor	: 1
vendor_id	: GenuineIntel
cpu family	: 6
model		: 58
model name	: Intel(R) Core(TM) i5-3210M CPU @ 2.50GHz
stepping	: 9
microcode	: 0x15
cpu MHz		: 2493.979
cache size	: 3072 KB
physical id	: 2
siblings	: 1
core id		: 0
cpu cores	: 1
apicid		: 2
initial apicid	: 2
fpu		: yes
fpu_exception	: yes
cpuid level	: 13
wp		: yes
flags		: fpu vme de pse tsc msr pae mce cx8 apic sep mtrr pge mca cmov pat pse36 clflush dts mmx fxsr sse sse2 ss syscall nx rdtscp lm constant_tsc arch_perfmon pebs bts nopl xtopology tsc_reliable nonstop_tsc aperfmperf pni pclmulqdq ssse3 cx16 pcid sse4_1 sse4_2 x2apic popcnt tsc_deadline_timer aes xsave avx f16c rdrand hypervisor lahf_lm epb fsgsbase tsc_adjust smep dtherm ida arat pln pts
bugs		:
bogomips	: 4987.95
clflush size	: 64
cache_alignment	: 64
address sizes	: 42 bits physical, 48 bits virtual
power management:



Memory: 4k page, physical 3062720k(59240k free), swap 1046524k(0k free)

vm_info: Java HotSpot(TM) 64-Bit Server VM (25.121-b13) for linux-amd64 JRE (1.8.0_121-b13), built on Dec 12 2016 16:36:53 by "java_re" with gcc 4.3.0 20080428 (Red Hat 4.3.0-8)

time: Sat Feb 11 22:00:22 2017
elapsed time: 26 seconds (0d 0h 0m 26s)

